Log file open, 01/27/20 10:24:03
LogWindows: Failed to load 'aqProf.dll' (GetLastError=126)
LogWindows: File 'aqProf.dll' does not exist
LogWindows: Failed to load 'VtuneApi.dll' (GetLastError=126)
LogWindows: File 'VtuneApi.dll' does not exist
LogWindows: Failed to load 'VtuneApi32e.dll' (GetLastError=126)
LogWindows: File 'VtuneApi32e.dll' does not exist
LogConsoleResponse: Display: Failed to find resolution value strings in scalability ini. Falling back to default.
LogInit: Display: Running engine for game: MyProject7
LogPlatformFile: Not using cached read wrapper
LogTaskGraph: Started task graph with 5 named threads and 35 total threads with 3 sets of task threads.
LogStats: Stats thread started at 0.527647
LogD3D11RHI: Loaded GFSDK_Aftermath_Lib.x64.dll
LogICUInternationalization: ICU TimeZone Detection - Raw Offset: +9:00, Platform Override: ''
LogPluginManager: Mounting plugin Paper2D
LogPluginManager: Mounting plugin AISupport
LogPluginManager: Mounting plugin LightPropagationVolume
LogPluginManager: Mounting plugin ActorLayerUtilities
LogPluginManager: Mounting plugin AnimationSharing
LogPluginManager: Mounting plugin CLionSourceCodeAccess
LogPluginManager: Mounting plugin CodeLiteSourceCodeAccess
LogPluginManager: Mounting plugin GitSourceControl
LogPluginManager: Mounting plugin KDevelopSourceCodeAccess
LogPluginManager: Mounting plugin NullSourceCodeAccess
LogPluginManager: Mounting plugin PerforceSourceControl
LogPluginManager: Mounting plugin SubversionSourceControl
LogPluginManager: Mounting plugin UObjectPlugin
LogPluginManager: Mounting plugin VisualStudioCodeSourceCodeAccess
LogPluginManager: Mounting plugin VisualStudioSourceCodeAccess
LogPluginManager: Mounting plugin XCodeSourceCodeAccess
LogPluginManager: Mounting plugin AssetManagerEditor
LogPluginManager: Mounting plugin CryptoKeys
LogPluginManager: Mounting plugin CurveEditorTools
LogPluginManager: Mounting plugin DataValidation
LogPluginManager: Mounting plugin EditorScriptingUtilities
LogPluginManager: Mounting plugin FacialAnimation
LogPluginManager: Mounting plugin GameplayTagsEditor
LogPluginManager: Mounting plugin GLTFImporter
LogPluginManager: Mounting plugin MacGraphicsSwitching
LogPluginManager: Mounting plugin MaterialAnalyzer
LogPluginManager: Mounting plugin MeshEditor
LogPluginManager: Mounting plugin MobileLauncherProfileWizard
LogPluginManager: Mounting plugin PluginBrowser
LogPluginManager: Mounting plugin SpeedTreeImporter
LogPluginManager: Mounting plugin DatasmithContent
LogPluginManager: Mounting plugin VariantManagerContent
LogPluginManager: Mounting plugin AlembicImporter
LogPluginManager: Mounting plugin AutomationUtils
LogPluginManager: Mounting plugin BackChannel
LogPluginManager: Mounting plugin BlastPlugin
LogPluginManager: Mounting plugin ChaosSolverPlugin
LogPluginManager: Mounting plugin CharacterAI
LogPluginManager: Mounting plugin DataPrepEditor
LogPluginManager: Mounting plugin GeometryCache
LogPluginManager: Mounting plugin GeometryCollectionPlugin
LogPluginManager: Mounting plugin HTML5Networking
LogPluginManager: Mounting plugin PlatformCrypto
LogPluginManager: Mounting plugin ProxyLODPlugin
LogPluginManager: Mounting plugin PythonScriptPlugin
LogPluginManager: Mounting plugin SkeletalReduction
LogPluginManager: Mounting plugin MagicLeap
LogPluginManager: Mounting plugin MagicLeapMedia
LogPluginManager: Mounting plugin Substance
LogPluginManager: Mounting plugin AndroidMedia
LogPluginManager: Mounting plugin AvfMedia
LogPluginManager: Mounting plugin ImgMedia
LogPluginManager: Mounting plugin MediaCompositing
LogPluginManager: Mounting plugin MediaPlayerEditor
LogPluginManager: Mounting plugin WebMMedia
LogPluginManager: Mounting plugin WmfMedia
LogPluginManager: Mounting plugin MegascansPlugin
LogPluginManager: Mounting plugin TcpMessaging
LogPluginManager: Mounting plugin UdpMessaging
LogPluginManager: Mounting plugin ActorSequence
LogPluginManager: Mounting plugin LevelSequenceEditor
LogPluginManager: Mounting plugin MatineeToLevelSequence
LogPluginManager: Mounting plugin NetcodeUnitTest
LogPluginManager: Mounting plugin NUTUnrealEngine4
LogPluginManager: Mounting plugin OnlineSubsystemGooglePlay
LogPluginManager: Mounting plugin OnlineSubsystemIOS
LogPluginManager: Mounting plugin OnlineSubsystem
LogPluginManager: Mounting plugin OnlineSubsystemNull
LogPluginManager: Mounting plugin OnlineSubsystemUtils
LogPluginManager: Mounting plugin LauncherChunkInstaller
LogPluginManager: Mounting plugin AndroidDeviceProfileSelector
LogPluginManager: Mounting plugin AndroidMoviePlayer
LogPluginManager: Mounting plugin AndroidPermission
LogPluginManager: Mounting plugin AppleImageUtils
LogPluginManager: Mounting plugin AppleMoviePlayer
LogPluginManager: Mounting plugin ArchVisCharacter
LogPluginManager: Mounting plugin AudioCapture
LogPluginManager: Mounting plugin CableComponent
LogPluginManager: Mounting plugin CustomMeshComponent
LogPluginManager: Mounting plugin EditableMesh
LogPluginManager: Mounting plugin ExampleDeviceProfileSelector
LogPluginManager: Mounting plugin GoogleCloudMessaging
LogPluginManager: Mounting plugin IOSDeviceProfileSelector
LogPluginManager: Mounting plugin LinuxDeviceProfileSelector
LogPluginManager: Mounting plugin LocationServicesBPLibrary
LogPluginManager: Mounting plugin MobilePatchingUtils
LogPluginManager: Mounting plugin OculusVR
LogPluginManager: Mounting plugin PhysXVehicles
LogPluginManager: Mounting plugin ProceduralMeshComponent
LogPluginManager: Mounting plugin RuntimePhysXCooking
LogPluginManager: Mounting plugin SignificanceManager
LogPluginManager: Mounting plugin SteamVR
LogPluginManager: Mounting plugin WebMMoviePlayer
LogPluginManager: Mounting plugin WindowsMoviePlayer
LogPluginManager: Mounting plugin ScreenshotTools
LogPluginManager: Mounting plugin DatasmithC4DImporter
LogPluginManager: Mounting plugin DatasmithCADImporter
LogPluginManager: Mounting plugin DatasmithFBXImporter
LogPluginManager: Mounting plugin DatasmithGLTFImporter
LogPluginManager: Mounting plugin DatasmithIFCImporter
LogPluginManager: Mounting plugin DatasmithImporter
LogPluginManager: Mounting plugin MDLImporter
LogPluginManager: Mounting plugin StaticMeshEditorExtension
LogPluginManager: Mounting plugin VariantManager
LogInit: Using libcurl 7.55.1-DEV
LogInit:  - built for x86_64-pc-win32
LogInit:  - supports SSL with OpenSSL/1.1.1
LogInit:  - supports HTTP deflate (compression) using libz 1.2.8
LogInit:  - other features:
LogInit:      CURL_VERSION_SSL
LogInit:      CURL_VERSION_LIBZ
LogInit:      CURL_VERSION_IPV6
LogInit:      CURL_VERSION_ASYNCHDNS
LogInit:      CURL_VERSION_LARGEFILE
LogInit:      CURL_VERSION_IDN
LogInit:  CurlRequestOptions (configurable via config and command line):
LogInit:  - bVerifyPeer = true  - Libcurl will verify peer certificate
LogInit:  - bUseHttpProxy = false  - Libcurl will NOT use HTTP proxy
LogInit:  - bDontReuseConnections = false  - Libcurl will reuse connections
LogInit:  - MaxHostConnections = 16  - Libcurl will limit the number of connections to a host
LogInit:  - LocalHostAddr = Default
LogInit:  - BufferSize = 65536
LogOnline: OSS: Creating online subsystem instance for: NULL
LogInit: WinSock: version 1.1 (2.2), MaxSocks=32767, MaxUdp=65467
LogInit: Build: ++UE4+Release-4.23-CL-9631420
LogInit: Engine Version: 4.23.1-9631420+++UE4+Release-4.23
LogInit: Compatible Engine Version: 4.23.0-8386587+++UE4+Release-4.23
LogInit: Net CL: 8386587
LogInit: OS: Windows 10 (Release 1903) (), CPU: Intel(R) Core(TM) i7-8750H CPU @ 2.20GHz, GPU: Intel(R) UHD Graphics 630
LogInit: Compiled (64-bit): Oct 18 2019 02:07:44
LogInit: Compiled with Visual C++: 19.16.27030.01
LogInit: Build Configuration: Development
LogInit: Branch Name: ++UE4+Release-4.23
LogInit: Command Line: 
LogInit: Base Directory: C:/Program Files/Epic Games/UE_4.23/Engine/Binaries/Win64/
LogInit: Installed Engine Build: 1
LogDevObjectVersion: Number of dev versions registered: 23
LogDevObjectVersion:   Dev-Blueprints (B0D832E4-1F89-4F0D-ACCF-7EB736FD4AA2): 10
LogDevObjectVersion:   Dev-Build (E1C64328-A22C-4D53-A36C-8E866417BD8C): 0
LogDevObjectVersion:   Dev-Core (375EC13C-06E4-48FB-B500-84F0262A717E): 3
LogDevObjectVersion:   Dev-Editor (E4B068ED-F494-42E9-A231-DA0B2E46BB41): 34
LogDevObjectVersion:   Dev-Framework (CFFC743F-43B0-4480-9391-14DF171D2073): 35
LogDevObjectVersion:   Dev-Mobile (B02B49B5-BB20-44E9-A304-32B752E40360): 2
LogDevObjectVersion:   Dev-Networking (A4E4105C-59A1-49B5-A7C5-40C4547EDFEE): 0
LogDevObjectVersion:   Dev-Online (39C831C9-5AE6-47DC-9A44-9C173E1C8E7C): 0
LogDevObjectVersion:   Dev-Physics (78F01B33-EBEA-4F98-B9B4-84EACCB95AA2): 0
LogDevObjectVersion:   Dev-Platform (6631380F-2D4D-43E0-8009-CF276956A95A): 0
LogDevObjectVersion:   Dev-Rendering (12F88B9F-8875-4AFC-A67C-D90C383ABD29): 31
LogDevObjectVersion:   Dev-Sequencer (7B5AE74C-D270-4C10-A958-57980B212A5A): 11
LogDevObjectVersion:   Dev-VR (D7296918-1DD6-4BDD-9DE2-64A83CC13884): 2
LogDevObjectVersion:   Dev-LoadTimes (C2A15278-BFE7-4AFE-6C17-90FF531DF755): 1
LogDevObjectVersion:   Private-Geometry (6EACA3D4-40EC-4CC1-B786-8BED09428FC5): 3
LogDevObjectVersion:   Dev-AnimPhys (29E575DD-E0A3-4627-9D10-D276232CDCEA): 17
LogDevObjectVersion:   Dev-Anim (AF43A65D-7FD3-4947-9873-3E8ED9C1BB05): 2
LogDevObjectVersion:   Dev-ReflectionCapture (6B266CEC-1EC7-4B8F-A30B-E4D90942FC07): 1
LogDevObjectVersion:   Dev-Automation (0DF73D61-A23F-47EA-B727-89E90C41499A): 1
LogDevObjectVersion:   FortniteMain (601D1886-AC64-4F84-AA16-D3DE0DEAC7D6): 27
LogDevObjectVersion:   Dev-Enterprise (9DFFBCD6-494F-0158-E221-12823C92A888): 6
LogDevObjectVersion:   Dev-Niagara (F2AED0AC-9AFE-416F-8664-AA7FFA26D6FC): 1
LogDevObjectVersion:   Dev-Destruction (174F1F0B-B4C6-45A5-B13F-2EE8D0FB917D): 9
LogInit: Presizing for max 16777216 objects, including 0 objects not considered by GC, pre-allocating 0 bytes for permanent pool.
LogInit: Object subsystem initialized
LogConfig: Setting CVar [[con.DebugEarlyDefault:1]]
LogConfig: Setting CVar [[r.setres:1280x720]]
[2020.01.27-01.24.04:049][  0]LogConfig: Setting CVar [[r.VSync:0]]
[2020.01.27-01.24.04:049][  0]LogConfig: Setting CVar [[r.RHICmdBypass:0]]
[2020.01.27-01.24.04:050][  0]LogConfig: Applying CVar settings from Section [/Script/Engine.RendererSettings] File [C:/Users/user/Dropbox/Github Repositories/ZDO-03C_ZALANDO-BIM-Standardization/Proyecto Zalando/Saved/Config/Windows/Engine.ini]
[2020.01.27-01.24.04:050][  0]LogConfig: Setting CVar [[r.GPUCrashDebugging:0]]
[2020.01.27-01.24.04:050][  0]LogConfig: Setting CVar [[r.DefaultFeature.AutoExposure.ExtendDefaultLuminanceRange:1]]
[2020.01.27-01.24.04:050][  0]LogConfig: Setting CVar [[r.GBufferFormat:3]]
[2020.01.27-01.24.04:050][  0]LogConfig: Setting CVar [[r.ReflectionCaptureResolution:256]]
[2020.01.27-01.24.04:050][  0]LogConfig: Setting CVar [[r.AllowGlobalClipPlane:1]]
[2020.01.27-01.24.04:050][  0]LogConfig: Setting CVar [[r.CustomDepth:3]]
[2020.01.27-01.24.04:050][  0]LogConfig: Applying CVar settings from Section [/Script/Engine.RendererOverrideSettings] File [C:/Users/user/Dropbox/Github Repositories/ZDO-03C_ZALANDO-BIM-Standardization/Proyecto Zalando/Saved/Config/Windows/Engine.ini]
[2020.01.27-01.24.04:050][  0]LogConfig: Applying CVar settings from Section [/Script/Engine.StreamingSettings] File [C:/Users/user/Dropbox/Github Repositories/ZDO-03C_ZALANDO-BIM-Standardization/Proyecto Zalando/Saved/Config/Windows/Engine.ini]
[2020.01.27-01.24.04:050][  0]LogConfig: Setting CVar [[s.MinBulkDataSizeForAsyncLoading:131072]]
[2020.01.27-01.24.04:050][  0]LogConfig: Setting CVar [[s.AsyncLoadingThreadEnabled:0]]
[2020.01.27-01.24.04:050][  0]LogConfig: Setting CVar [[s.EventDrivenLoaderEnabled:1]]
[2020.01.27-01.24.04:050][  0]LogConfig: Setting CVar [[s.WarnIfTimeLimitExceeded:0]]
[2020.01.27-01.24.04:050][  0]LogConfig: Setting CVar [[s.TimeLimitExceededMultiplier:1.5]]
[2020.01.27-01.24.04:050][  0]LogConfig: Setting CVar [[s.TimeLimitExceededMinTime:0.005]]
[2020.01.27-01.24.04:050][  0]LogConfig: Setting CVar [[s.UseBackgroundLevelStreaming:1]]
[2020.01.27-01.24.04:050][  0]LogConfig: Setting CVar [[s.PriorityAsyncLoadingExtraTime:15.0]]
[2020.01.27-01.24.04:050][  0]LogConfig: Setting CVar [[s.LevelStreamingActorsUpdateTimeLimit:5.0]]
[2020.01.27-01.24.04:050][  0]LogConfig: Setting CVar [[s.PriorityLevelStreamingActorsUpdateExtraTime:5.0]]
[2020.01.27-01.24.04:050][  0]LogConfig: Setting CVar [[s.LevelStreamingComponentsRegistrationGranularity:10]]
[2020.01.27-01.24.04:050][  0]LogConfig: Setting CVar [[s.UnregisterComponentsTimeLimit:1.0]]
[2020.01.27-01.24.04:050][  0]LogConfig: Setting CVar [[s.LevelStreamingComponentsUnregistrationGranularity:5]]
[2020.01.27-01.24.04:050][  0]LogConfig: Applying CVar settings from Section [/Script/Engine.GarbageCollectionSettings] File [C:/Users/user/Dropbox/Github Repositories/ZDO-03C_ZALANDO-BIM-Standardization/Proyecto Zalando/Saved/Config/Windows/Engine.ini]
[2020.01.27-01.24.04:050][  0]LogConfig: Setting CVar [[gc.MaxObjectsNotConsideredByGC:1]]
[2020.01.27-01.24.04:050][  0]LogConfig: Setting CVar [[gc.SizeOfPermanentObjectPool:0]]
[2020.01.27-01.24.04:050][  0]LogConfig: Setting CVar [[gc.FlushStreamingOnGC:0]]
[2020.01.27-01.24.04:050][  0]LogConfig: Setting CVar [[gc.NumRetriesBeforeForcingGC:10]]
[2020.01.27-01.24.04:050][  0]LogConfig: Setting CVar [[gc.AllowParallelGC:1]]
[2020.01.27-01.24.04:050][  0]LogConfig: Setting CVar [[gc.TimeBetweenPurgingPendingKillObjects:61.1]]
[2020.01.27-01.24.04:050][  0]LogConfig: Setting CVar [[gc.MaxObjectsInEditor:16777216]]
[2020.01.27-01.24.04:050][  0]LogConfig: Setting CVar [[gc.IncrementalBeginDestroyEnabled:1]]
[2020.01.27-01.24.04:050][  0]LogConfig: Setting CVar [[gc.CreateGCClusters:1]]
[2020.01.27-01.24.04:050][  0]LogConfig: Setting CVar [[gc.MinGCClusterSize:5]]
[2020.01.27-01.24.04:050][  0]LogConfig: Setting CVar [[gc.ActorClusteringEnabled:0]]
[2020.01.27-01.24.04:050][  0]LogConfig: Setting CVar [[gc.BlueprintClusteringEnabled:0]]
[2020.01.27-01.24.04:050][  0]LogConfig: Setting CVar [[gc.UseDisregardForGCOnDedicatedServers:0]]
[2020.01.27-01.24.04:051][  0]LogConfig: Applying CVar settings from Section [/Script/Engine.NetworkSettings] File [C:/Users/user/Dropbox/Github Repositories/ZDO-03C_ZALANDO-BIM-Standardization/Proyecto Zalando/Saved/Config/Windows/Engine.ini]
[2020.01.27-01.24.04:051][  0]LogConfig: Applying CVar settings from Section [/Script/UnrealEd.CookerSettings] File [C:/Users/user/Dropbox/Github Repositories/ZDO-03C_ZALANDO-BIM-Standardization/Proyecto Zalando/Saved/Config/Windows/Engine.ini]
[2020.01.27-01.24.04:056][  0]LogConfig: Applying CVar settings from Section [ViewDistanceQuality@3] File [C:/Users/user/Dropbox/Github Repositories/ZDO-03C_ZALANDO-BIM-Standardization/Proyecto Zalando/Saved/Config/Windows/Scalability.ini]
[2020.01.27-01.24.04:056][  0]LogConfig: Setting CVar [[r.SkeletalMeshLODBias:0]]
[2020.01.27-01.24.04:056][  0]LogConfig: Setting CVar [[r.ViewDistanceScale:1.0]]
[2020.01.27-01.24.04:056][  0]LogConfig: Applying CVar settings from Section [AntiAliasingQuality@3] File [C:/Users/user/Dropbox/Github Repositories/ZDO-03C_ZALANDO-BIM-Standardization/Proyecto Zalando/Saved/Config/Windows/Scalability.ini]
[2020.01.27-01.24.04:056][  0]LogConfig: Setting CVar [[r.PostProcessAAQuality:4]]
[2020.01.27-01.24.04:056][  0]LogConfig: Applying CVar settings from Section [ShadowQuality@3] File [C:/Users/user/Dropbox/Github Repositories/ZDO-03C_ZALANDO-BIM-Standardization/Proyecto Zalando/Saved/Config/Windows/Scalability.ini]
[2020.01.27-01.24.04:056][  0]LogConfig: Setting CVar [[r.LightFunctionQuality:1]]
[2020.01.27-01.24.04:056][  0]LogConfig: Setting CVar [[r.ShadowQuality:5]]
[2020.01.27-01.24.04:056][  0]LogConfig: Setting CVar [[r.Shadow.CSM.MaxCascades:10]]
[2020.01.27-01.24.04:056][  0]LogConfig: Setting CVar [[r.Shadow.MaxResolution:2048]]
[2020.01.27-01.24.04:056][  0]LogConfig: Setting CVar [[r.Shadow.MaxCSMResolution:2048]]
[2020.01.27-01.24.04:056][  0]LogConfig: Setting CVar [[r.Shadow.RadiusThreshold:0.01]]
[2020.01.27-01.24.04:056][  0]LogConfig: Setting CVar [[r.Shadow.DistanceScale:1.0]]
[2020.01.27-01.24.04:056][  0]LogConfig: Setting CVar [[r.Shadow.CSM.TransitionScale:1.0]]
[2020.01.27-01.24.04:056][  0]LogConfig: Setting CVar [[r.Shadow.PreShadowResolutionFactor:1.0]]
[2020.01.27-01.24.04:056][  0]LogConfig: Setting CVar [[r.DistanceFieldShadowing:1]]
[2020.01.27-01.24.04:056][  0]LogConfig: Setting CVar [[r.DistanceFieldAO:1]]
[2020.01.27-01.24.04:056][  0]LogConfig: Setting CVar [[r.AOQuality:2]]
[2020.01.27-01.24.04:056][  0]LogConfig: Setting CVar [[r.VolumetricFog:1]]
[2020.01.27-01.24.04:056][  0]LogConfig: Setting CVar [[r.VolumetricFog.GridPixelSize:8]]
[2020.01.27-01.24.04:056][  0]LogConfig: Setting CVar [[r.VolumetricFog.GridSizeZ:128]]
[2020.01.27-01.24.04:056][  0]LogConfig: Setting CVar [[r.VolumetricFog.HistoryMissSupersampleCount:4]]
[2020.01.27-01.24.04:056][  0]LogConfig: Setting CVar [[r.LightMaxDrawDistanceScale:1]]
[2020.01.27-01.24.04:056][  0]LogConfig: Setting CVar [[r.CapsuleShadows:1]]
[2020.01.27-01.24.04:056][  0]LogConfig: Applying CVar settings from Section [PostProcessQuality@3] File [C:/Users/user/Dropbox/Github Repositories/ZDO-03C_ZALANDO-BIM-Standardization/Proyecto Zalando/Saved/Config/Windows/Scalability.ini]
[2020.01.27-01.24.04:056][  0]LogConfig: Setting CVar [[r.MotionBlurQuality:4]]
[2020.01.27-01.24.04:056][  0]LogConfig: Setting CVar [[r.AmbientOcclusionMipLevelFactor:0.4]]
[2020.01.27-01.24.04:056][  0]LogConfig: Setting CVar [[r.AmbientOcclusionMaxQuality:100]]
[2020.01.27-01.24.04:056][  0]LogConfig: Setting CVar [[r.AmbientOcclusionLevels:-1]]
[2020.01.27-01.24.04:056][  0]LogConfig: Setting CVar [[r.AmbientOcclusionRadiusScale:1.0]]
[2020.01.27-01.24.04:056][  0]LogConfig: Setting CVar [[r.DepthOfFieldQuality:2]]
[2020.01.27-01.24.04:056][  0]LogConfig: Setting CVar [[r.RenderTargetPoolMin:400]]
[2020.01.27-01.24.04:056][  0]LogConfig: Setting CVar [[r.LensFlareQuality:2]]
[2020.01.27-01.24.04:056][  0]LogConfig: Setting CVar [[r.SceneColorFringeQuality:1]]
[2020.01.27-01.24.04:056][  0]LogConfig: Setting CVar [[r.EyeAdaptationQuality:2]]
[2020.01.27-01.24.04:056][  0]LogConfig: Setting CVar [[r.BloomQuality:5]]
[2020.01.27-01.24.04:056][  0]LogConfig: Setting CVar [[r.FastBlurThreshold:100]]
[2020.01.27-01.24.04:056][  0]LogConfig: Setting CVar [[r.Upscale.Quality:3]]
[2020.01.27-01.24.04:057][  0]LogConfig: Setting CVar [[r.Tonemapper.GrainQuantization:1]]
[2020.01.27-01.24.04:057][  0]LogConfig: Setting CVar [[r.LightShaftQuality:1]]
[2020.01.27-01.24.04:057][  0]LogConfig: Setting CVar [[r.Filter.SizeScale:1]]
[2020.01.27-01.24.04:057][  0]LogConfig: Setting CVar [[r.Tonemapper.Quality:5]]
[2020.01.27-01.24.04:057][  0]LogConfig: Setting CVar [[r.DOF.Gather.AccumulatorQuality:1        ; higher gathering accumulator quality]]
[2020.01.27-01.24.04:057][  0]LogConfig: Setting CVar [[r.DOF.Gather.PostfilterMethod:1          ; Median3x3 postfilering method]]
[2020.01.27-01.24.04:057][  0]LogConfig: Setting CVar [[r.DOF.Gather.EnableBokehSettings:0       ; no bokeh simulation when gathering]]
[2020.01.27-01.24.04:057][  0]LogConfig: Setting CVar [[r.DOF.Gather.RingCount:4                 ; medium number of samples when gathering]]
[2020.01.27-01.24.04:057][  0]LogConfig: Setting CVar [[r.DOF.Scatter.ForegroundCompositing:1    ; additive foreground scattering]]
[2020.01.27-01.24.04:057][  0]LogConfig: Setting CVar [[r.DOF.Scatter.BackgroundCompositing:2    ; additive background scattering]]
[2020.01.27-01.24.04:057][  0]LogConfig: Setting CVar [[r.DOF.Scatter.EnableBokehSettings:1      ; bokeh simulation when scattering]]
[2020.01.27-01.24.04:057][  0]LogConfig: Setting CVar [[r.DOF.Scatter.MaxSpriteRatio:0.1         ; only a maximum of 10% of scattered bokeh]]
[2020.01.27-01.24.04:057][  0]LogConfig: Setting CVar [[r.DOF.Recombine.Quality:1                ; cheap slight out of focus]]
[2020.01.27-01.24.04:057][  0]LogConfig: Setting CVar [[r.DOF.Recombine.EnableBokehSettings:0    ; no bokeh simulation on slight out of focus]]
[2020.01.27-01.24.04:057][  0]LogConfig: Setting CVar [[r.DOF.TemporalAAQuality:1                ; more stable temporal accumulation]]
[2020.01.27-01.24.04:057][  0]LogConfig: Setting CVar [[r.DOF.Kernel.MaxForegroundRadius:0.025]]
[2020.01.27-01.24.04:057][  0]LogConfig: Setting CVar [[r.DOF.Kernel.MaxBackgroundRadius:0.025]]
[2020.01.27-01.24.04:057][  0]LogConfig: Applying CVar settings from Section [TextureQuality@3] File [C:/Users/user/Dropbox/Github Repositories/ZDO-03C_ZALANDO-BIM-Standardization/Proyecto Zalando/Saved/Config/Windows/Scalability.ini]
[2020.01.27-01.24.04:057][  0]LogConfig: Setting CVar [[r.Streaming.MipBias:0]]
[2020.01.27-01.24.04:057][  0]LogConfig: Setting CVar [[r.Streaming.AmortizeCPUToGPUCopy:0]]
[2020.01.27-01.24.04:057][  0]LogConfig: Setting CVar [[r.Streaming.MaxNumTexturesToStreamPerFrame:0]]
[2020.01.27-01.24.04:057][  0]LogConfig: Setting CVar [[r.Streaming.Boost:1]]
[2020.01.27-01.24.04:057][  0]LogConfig: Setting CVar [[r.MaxAnisotropy:8]]
[2020.01.27-01.24.04:057][  0]LogConfig: Setting CVar [[r.Streaming.LimitPoolSizeToVRAM:0]]
[2020.01.27-01.24.04:057][  0]LogConfig: Setting CVar [[r.Streaming.PoolSize:1000]]
[2020.01.27-01.24.04:057][  0]LogConfig: Setting CVar [[r.Streaming.MaxEffectiveScreenSize:0]]
[2020.01.27-01.24.04:057][  0]LogConfig: Applying CVar settings from Section [EffectsQuality@3] File [C:/Users/user/Dropbox/Github Repositories/ZDO-03C_ZALANDO-BIM-Standardization/Proyecto Zalando/Saved/Config/Windows/Scalability.ini]
[2020.01.27-01.24.04:057][  0]LogConfig: Setting CVar [[r.TranslucencyLightingVolumeDim:64]]
[2020.01.27-01.24.04:057][  0]LogConfig: Setting CVar [[r.RefractionQuality:2]]
[2020.01.27-01.24.04:057][  0]LogConfig: Setting CVar [[r.SSR.Quality:3]]
[2020.01.27-01.24.04:057][  0]LogConfig: Setting CVar [[r.SceneColorFormat:4]]
[2020.01.27-01.24.04:057][  0]LogConfig: Setting CVar [[r.DetailMode:2]]
[2020.01.27-01.24.04:057][  0]LogConfig: Setting CVar [[r.TranslucencyVolumeBlur:1]]
[2020.01.27-01.24.04:057][  0]LogConfig: Setting CVar [[r.MaterialQualityLevel:1 ; High quality]]
[2020.01.27-01.24.04:057][  0]LogConfig: Setting CVar [[r.SSS.Scale:1]]
[2020.01.27-01.24.04:057][  0]LogConfig: Setting CVar [[r.SSS.SampleSet:2]]
[2020.01.27-01.24.04:057][  0]LogConfig: Setting CVar [[r.SSS.Quality:1]]
[2020.01.27-01.24.04:057][  0]LogConfig: Setting CVar [[r.SSS.HalfRes:1]]
[2020.01.27-01.24.04:057][  0]LogConfig: Setting CVar [[r.EmitterSpawnRateScale:1.0]]
[2020.01.27-01.24.04:057][  0]LogConfig: Setting CVar [[r.ParticleLightQuality:2]]
[2020.01.27-01.24.04:057][  0]LogConfig: Applying CVar settings from Section [FoliageQuality@3] File [C:/Users/user/Dropbox/Github Repositories/ZDO-03C_ZALANDO-BIM-Standardization/Proyecto Zalando/Saved/Config/Windows/Scalability.ini]
[2020.01.27-01.24.04:057][  0]LogConfig: Setting CVar [[foliage.DensityScale:1.0]]
[2020.01.27-01.24.04:057][  0]LogConfig: Setting CVar [[grass.DensityScale:1.0]]
[2020.01.27-01.24.04:058][  0]LogInit: Selected Device Profile: [Windows]
[2020.01.27-01.24.04:058][  0]LogInit: Applying CVar settings loaded from the selected device profile: [Windows]
[2020.01.27-01.24.04:066][  0]LogHAL: Display: Platform has ~ 32 GB [34197495808 / 34359738368 / 32], which maps to Largest [LargestMinGB=32, LargerMinGB=12, DefaultMinGB=8, SmallerMinGB=6, SmallestMinGB=0)
[2020.01.27-01.24.04:066][  0]LogInit: Going up to parent DeviceProfile []
[2020.01.27-01.24.04:066][  0]LogConfig: Applying CVar settings from Section [ViewDistanceQuality@Cine] File [C:/Users/user/Dropbox/Github Repositories/ZDO-03C_ZALANDO-BIM-Standardization/Proyecto Zalando/Saved/Config/Windows/Scalability.ini]
[2020.01.27-01.24.04:066][  0]LogConfig: Setting CVar [[r.SkeletalMeshLODBias:0]]
[2020.01.27-01.24.04:066][  0]LogConfig: Setting CVar [[r.ViewDistanceScale:10.0]]
[2020.01.27-01.24.04:066][  0]LogConfig: Applying CVar settings from Section [AntiAliasingQuality@Cine] File [C:/Users/user/Dropbox/Github Repositories/ZDO-03C_ZALANDO-BIM-Standardization/Proyecto Zalando/Saved/Config/Windows/Scalability.ini]
[2020.01.27-01.24.04:066][  0]LogConfig: Setting CVar [[r.PostProcessAAQuality:6]]
[2020.01.27-01.24.04:066][  0]LogConfig: Applying CVar settings from Section [ShadowQuality@Cine] File [C:/Users/user/Dropbox/Github Repositories/ZDO-03C_ZALANDO-BIM-Standardization/Proyecto Zalando/Saved/Config/Windows/Scalability.ini]
[2020.01.27-01.24.04:066][  0]LogConfig: Setting CVar [[r.LightFunctionQuality:1]]
[2020.01.27-01.24.04:067][  0]LogConfig: Setting CVar [[r.ShadowQuality:5]]
[2020.01.27-01.24.04:067][  0]LogConfig: Setting CVar [[r.Shadow.CSM.MaxCascades:10]]
[2020.01.27-01.24.04:067][  0]LogConfig: Setting CVar [[r.Shadow.MaxResolution:4096]]
[2020.01.27-01.24.04:067][  0]LogConfig: Setting CVar [[r.Shadow.MaxCSMResolution:4096]]
[2020.01.27-01.24.04:067][  0]LogConfig: Setting CVar [[r.Shadow.RadiusThreshold:0]]
[2020.01.27-01.24.04:067][  0]LogConfig: Setting CVar [[r.Shadow.DistanceScale:1.0]]
[2020.01.27-01.24.04:067][  0]LogConfig: Setting CVar [[r.Shadow.CSM.TransitionScale:1.0]]
[2020.01.27-01.24.04:067][  0]LogConfig: Setting CVar [[r.Shadow.PreShadowResolutionFactor:1.0]]
[2020.01.27-01.24.04:067][  0]LogConfig: Setting CVar [[r.DistanceFieldShadowing:1]]
[2020.01.27-01.24.04:067][  0]LogConfig: Setting CVar [[r.DistanceFieldAO:1]]
[2020.01.27-01.24.04:067][  0]LogConfig: Setting CVar [[r.AOQuality:2]]
[2020.01.27-01.24.04:067][  0]LogConfig: Setting CVar [[r.VolumetricFog:1]]
[2020.01.27-01.24.04:067][  0]LogConfig: Setting CVar [[r.VolumetricFog.GridPixelSize:4]]
[2020.01.27-01.24.04:067][  0]LogConfig: Setting CVar [[r.VolumetricFog.GridSizeZ:128]]
[2020.01.27-01.24.04:067][  0]LogConfig: Setting CVar [[r.VolumetricFog.HistoryMissSupersampleCount:16]]
[2020.01.27-01.24.04:067][  0]LogConfig: Setting CVar [[r.LightMaxDrawDistanceScale:1]]
[2020.01.27-01.24.04:067][  0]LogConfig: Setting CVar [[r.CapsuleShadows:1]]
[2020.01.27-01.24.04:067][  0]LogConfig: Applying CVar settings from Section [PostProcessQuality@Cine] File [C:/Users/user/Dropbox/Github Repositories/ZDO-03C_ZALANDO-BIM-Standardization/Proyecto Zalando/Saved/Config/Windows/Scalability.ini]
[2020.01.27-01.24.04:067][  0]LogConfig: Setting CVar [[r.MotionBlurQuality:4]]
[2020.01.27-01.24.04:067][  0]LogConfig: Setting CVar [[r.AmbientOcclusionMipLevelFactor:0.4]]
[2020.01.27-01.24.04:067][  0]LogConfig: Setting CVar [[r.AmbientOcclusionMaxQuality:100]]
[2020.01.27-01.24.04:067][  0]LogConfig: Setting CVar [[r.AmbientOcclusionLevels:-1]]
[2020.01.27-01.24.04:067][  0]LogConfig: Setting CVar [[r.AmbientOcclusionRadiusScale:1.0]]
[2020.01.27-01.24.04:067][  0]LogConfig: Setting CVar [[r.DepthOfFieldQuality:4]]
[2020.01.27-01.24.04:067][  0]LogConfig: Setting CVar [[r.RenderTargetPoolMin:1000]]
[2020.01.27-01.24.04:067][  0]LogConfig: Setting CVar [[r.LensFlareQuality:3]]
[2020.01.27-01.24.04:067][  0]LogConfig: Setting CVar [[r.SceneColorFringeQuality:1]]
[2020.01.27-01.24.04:067][  0]LogConfig: Setting CVar [[r.EyeAdaptationQuality:2]]
[2020.01.27-01.24.04:067][  0]LogConfig: Setting CVar [[r.BloomQuality:5]]
[2020.01.27-01.24.04:067][  0]LogConfig: Setting CVar [[r.FastBlurThreshold:100]]
[2020.01.27-01.24.04:067][  0]LogConfig: Setting CVar [[r.Upscale.Quality:3]]
[2020.01.27-01.24.04:067][  0]LogConfig: Setting CVar [[r.Tonemapper.GrainQuantization:1]]
[2020.01.27-01.24.04:067][  0]LogConfig: Setting CVar [[r.LightShaftQuality:1]]
[2020.01.27-01.24.04:067][  0]LogConfig: Setting CVar [[r.Filter.SizeScale:1]]
[2020.01.27-01.24.04:067][  0]LogConfig: Setting CVar [[r.Tonemapper.Quality:5]]
[2020.01.27-01.24.04:067][  0]LogConfig: Setting CVar [[r.DOF.Gather.AccumulatorQuality:1        ; higher gathering accumulator quality]]
[2020.01.27-01.24.04:067][  0]LogConfig: Setting CVar [[r.DOF.Gather.PostfilterMethod:1          ; Median3x3 postfilering method]]
[2020.01.27-01.24.04:067][  0]LogConfig: Setting CVar [[r.DOF.Gather.EnableBokehSettings:1       ; bokeh simulation when gathering]]
[2020.01.27-01.24.04:067][  0]LogConfig: Setting CVar [[r.DOF.Gather.RingCount:5                 ; high number of samples when gathering]]
[2020.01.27-01.24.04:067][  0]LogConfig: Setting CVar [[r.DOF.Scatter.ForegroundCompositing:1    ; additive foreground scattering]]
[2020.01.27-01.24.04:067][  0]LogConfig: Setting CVar [[r.DOF.Scatter.BackgroundCompositing:2    ; background scattering occlusion]]
[2020.01.27-01.24.04:067][  0]LogConfig: Setting CVar [[r.DOF.Scatter.EnableBokehSettings:1      ; no bokeh simulation when scattering]]
[2020.01.27-01.24.04:067][  0]LogConfig: Setting CVar [[r.DOF.Scatter.MaxSpriteRatio:0.25        ; only a maximum of 10% of scattered bokeh]]
[2020.01.27-01.24.04:067][  0]LogConfig: Setting CVar [[r.DOF.Recombine.Quality:2                ; highest slight out of focus]]
[2020.01.27-01.24.04:067][  0]LogConfig: Setting CVar [[r.DOF.Recombine.EnableBokehSettings:1    ; bokeh simulation on slight out of focus]]
[2020.01.27-01.24.04:067][  0]LogConfig: Setting CVar [[r.DOF.TemporalAAQuality:1                ; more stable temporal accumulation]]
[2020.01.27-01.24.04:067][  0]LogConfig: Setting CVar [[r.DOF.Kernel.MaxForegroundRadius:0.025]]
[2020.01.27-01.24.04:067][  0]LogConfig: Setting CVar [[r.DOF.Kernel.MaxBackgroundRadius:0.025]]
[2020.01.27-01.24.04:067][  0]LogConfig: Applying CVar settings from Section [TextureQuality@Cine] File [C:/Users/user/Dropbox/Github Repositories/ZDO-03C_ZALANDO-BIM-Standardization/Proyecto Zalando/Saved/Config/Windows/Scalability.ini]
[2020.01.27-01.24.04:067][  0]LogConfig: Setting CVar [[r.Streaming.MipBias:0]]
[2020.01.27-01.24.04:067][  0]LogConfig: Setting CVar [[r.Streaming.AmortizeCPUToGPUCopy:0]]
[2020.01.27-01.24.04:067][  0]LogConfig: Setting CVar [[r.Streaming.MaxNumTexturesToStreamPerFrame:0]]
[2020.01.27-01.24.04:067][  0]LogConfig: Setting CVar [[r.Streaming.Boost:1]]
[2020.01.27-01.24.04:067][  0]LogConfig: Setting CVar [[r.MaxAnisotropy:8]]
[2020.01.27-01.24.04:067][  0]LogConfig: Setting CVar [[r.Streaming.LimitPoolSizeToVRAM:0]]
[2020.01.27-01.24.04:067][  0]LogConfig: Setting CVar [[r.Streaming.PoolSize:3000]]
[2020.01.27-01.24.04:067][  0]LogConfig: Setting CVar [[r.Streaming.MaxEffectiveScreenSize:0]]
[2020.01.27-01.24.04:067][  0]LogConfig: Applying CVar settings from Section [EffectsQuality@Cine] File [C:/Users/user/Dropbox/Github Repositories/ZDO-03C_ZALANDO-BIM-Standardization/Proyecto Zalando/Saved/Config/Windows/Scalability.ini]
[2020.01.27-01.24.04:067][  0]LogConfig: Setting CVar [[r.TranslucencyLightingVolumeDim:64]]
[2020.01.27-01.24.04:067][  0]LogConfig: Setting CVar [[r.RefractionQuality:2]]
[2020.01.27-01.24.04:067][  0]LogConfig: Setting CVar [[r.SSR.Quality:4]]
[2020.01.27-01.24.04:067][  0]LogConfig: Setting CVar [[r.SceneColorFormat:4]]
[2020.01.27-01.24.04:067][  0]LogConfig: Setting CVar [[r.DetailMode:2]]
[2020.01.27-01.24.04:067][  0]LogConfig: Setting CVar [[r.TranslucencyVolumeBlur:1]]
[2020.01.27-01.24.04:067][  0]LogConfig: Setting CVar [[r.MaterialQualityLevel:1 ; High quality]]
[2020.01.27-01.24.04:067][  0]LogConfig: Setting CVar [[r.SSS.Scale:1]]
[2020.01.27-01.24.04:067][  0]LogConfig: Setting CVar [[r.SSS.SampleSet:2]]
[2020.01.27-01.24.04:067][  0]LogConfig: Setting CVar [[r.SSS.Quality:1]]
[2020.01.27-01.24.04:067][  0]LogConfig: Setting CVar [[r.SSS.HalfRes:0]]
[2020.01.27-01.24.04:067][  0]LogConfig: Setting CVar [[r.EmitterSpawnRateScale:1.0]]
[2020.01.27-01.24.04:067][  0]LogConfig: Setting CVar [[r.ParticleLightQuality:2]]
[2020.01.27-01.24.04:067][  0]LogConfig: Applying CVar settings from Section [FoliageQuality@Cine] File [C:/Users/user/Dropbox/Github Repositories/ZDO-03C_ZALANDO-BIM-Standardization/Proyecto Zalando/Saved/Config/Windows/Scalability.ini]
[2020.01.27-01.24.04:067][  0]LogConfig: Setting CVar [[foliage.DensityScale:1.0]]
[2020.01.27-01.24.04:067][  0]LogConfig: Setting CVar [[grass.DensityScale:1.0]]
[2020.01.27-01.24.04:067][  0]LogConfig: Applying CVar settings from Section [Startup] File [../../../Engine/Config/ConsoleVariables.ini]
[2020.01.27-01.24.04:072][  0]LogConfig: Setting CVar [[net.UseAdaptiveNetUpdateFrequency:0]]
[2020.01.27-01.24.04:072][  0]LogConfig: Setting CVar [[p.chaos.AllowCreatePhysxBodies:1]]
[2020.01.27-01.24.04:072][  0]LogConfig: Applying CVar settings from Section [ConsoleVariables] File [C:/Users/user/Dropbox/Github Repositories/ZDO-03C_ZALANDO-BIM-Standardization/Proyecto Zalando/Saved/Config/Windows/Engine.ini]
[2020.01.27-01.24.04:073][  0]LogInit: Computer: DESKTOP-BGGG2GK
[2020.01.27-01.24.04:073][  0]LogInit: User: user
[2020.01.27-01.24.04:073][  0]LogInit: CPU Page size=4096, Cores=6
[2020.01.27-01.24.04:073][  0]LogInit: High frequency timer resolution =10.000000 MHz
[2020.01.27-01.24.04:073][  0]LogMemory: Memory total: Physical=31.8GB (32GB approx)
[2020.01.27-01.24.04:073][  0]LogMemory: Platform Memory Stats for Windows
[2020.01.27-01.24.04:073][  0]LogMemory: Process Physical Memory: 102.33 MB used, 102.34 MB peak
[2020.01.27-01.24.04:073][  0]LogMemory: Process Virtual Memory: 102.21 MB used, 102.21 MB peak
[2020.01.27-01.24.04:073][  0]LogMemory: Physical Memory: 4429.21 MB used,  28184.06 MB free, 32613.27 MB total
[2020.01.27-01.24.04:073][  0]LogMemory: Virtual Memory: 4691.42 MB used,  134213040.00 MB free, 134217728.00 MB total
[2020.01.27-01.24.04:079][  0]LogWindows: WindowsPlatformFeatures enabled
[2020.01.27-01.24.04:274][  0]LogInit: Using OS detected language (en-US).
[2020.01.27-01.24.04:274][  0]LogInit: Using OS detected locale (en-US).
[2020.01.27-01.24.04:276][  0]LogTextLocalizationManager: No specific localization for 'en-US' exists, so the 'en' localization will be used.
[2020.01.27-01.24.04:620][  0]LogSlate: New Slate User Created.  User Index 0, Is Virtual User: 0
[2020.01.27-01.24.04:620][  0]LogSlate: Slate User Registered.  User Index 0, Is Virtual User: 0
[2020.01.27-01.24.06:537][  0]LogHMD: Failed to initialize OpenVR with code 110
[2020.01.27-01.24.06:537][  0]LogD3D11RHI: D3D11 adapters:
[2020.01.27-01.24.07:719][  0]LogD3D11RHI:    0. 'NVIDIA GeForce RTX 2070 with Max-Q Design' (Feature Level 11_0)
[2020.01.27-01.24.07:719][  0]LogD3D11RHI:       8031/0/16306 MB DedicatedVideo/DedicatedSystem/SharedSystem, Outputs:1, VendorId:0x10de
[2020.01.27-01.24.07:735][  0]LogD3D11RHI:    1. 'Intel(R) UHD Graphics 630' (Feature Level 11_0)
[2020.01.27-01.24.07:735][  0]LogD3D11RHI:       128/0/16306 MB DedicatedVideo/DedicatedSystem/SharedSystem, Outputs:0, VendorId:0x8086
[2020.01.27-01.24.07:737][  0]LogD3D11RHI:    2. 'Microsoft Basic Render Driver' (Feature Level 11_0)
[2020.01.27-01.24.07:737][  0]LogD3D11RHI:       0/0/16306 MB DedicatedVideo/DedicatedSystem/SharedSystem, Outputs:0, VendorId:0x1414
[2020.01.27-01.24.07:737][  0]LogD3D11RHI: Chosen D3D11 Adapter: 0
[2020.01.27-01.24.07:766][  0]LogD3D11RHI: Creating new Direct3DDevice
[2020.01.27-01.24.07:766][  0]LogD3D11RHI:     GPU DeviceId: 0x1f10 (for the marketing name, search the web for "GPU Device Id")
[2020.01.27-01.24.07:766][  0]LogWindows: EnumDisplayDevices:
[2020.01.27-01.24.07:767][  0]LogWindows:    0. 'Intel(R) UHD Graphics 630' (P:1 D:1)
[2020.01.27-01.24.07:767][  0]LogWindows:    1. 'Intel(R) UHD Graphics 630' (P:0 D:0)
[2020.01.27-01.24.07:767][  0]LogWindows:    2. 'Intel(R) UHD Graphics 630' (P:0 D:0)
[2020.01.27-01.24.07:767][  0]LogWindows:    3. 'NVIDIA GeForce RTX 2070 with Max-Q Design' (P:0 D:0)
[2020.01.27-01.24.07:768][  0]LogWindows:    4. 'NVIDIA GeForce RTX 2070 with Max-Q Design' (P:0 D:0)
[2020.01.27-01.24.07:768][  0]LogWindows:    5. 'NVIDIA GeForce RTX 2070 with Max-Q Design' (P:0 D:0)
[2020.01.27-01.24.07:768][  0]LogWindows:    6. 'NVIDIA GeForce RTX 2070 with Max-Q Design' (P:0 D:0)
[2020.01.27-01.24.07:768][  0]LogWindows: DebugString: PrimaryIsNotTheChoosenAdapter PrimaryIsNotTheChoosenAdapter PrimaryIsNotTheChoosenAdapter FoundDriverCount:4 
[2020.01.27-01.24.07:768][  0]LogD3D11RHI:     Adapter Name: NVIDIA GeForce RTX 2070 with Max-Q Design
[2020.01.27-01.24.07:769][  0]LogD3D11RHI:   Driver Version: 431.86 (internal:26.21.14.3186, unified:431.86)
[2020.01.27-01.24.07:769][  0]LogD3D11RHI:      Driver Date: 8-27-2019
[2020.01.27-01.24.07:769][  0]LogRHI: Texture pool is 5621 MB (70% of 8031 MB)
[2020.01.27-01.24.07:813][  0]LogD3D11RHI: Async texture creation enabled
[2020.01.27-01.24.07:851][  0]LogD3D11RHI: GPU Timing Frequency: 1000.000000 (Debug: 2 1)
[2020.01.27-01.24.08:182][  0]LogTemp: Display: Module 'AllDesktopTargetPlatform' loaded TargetPlatform 'AllDesktop'
[2020.01.27-01.24.08:191][  0]LogTemp: Display: Module 'MacClientTargetPlatform' loaded TargetPlatform 'MacClient'
[2020.01.27-01.24.08:201][  0]LogTemp: Display: Module 'MacNoEditorTargetPlatform' loaded TargetPlatform 'MacNoEditor'
[2020.01.27-01.24.08:212][  0]LogTemp: Display: Module 'MacServerTargetPlatform' loaded TargetPlatform 'MacServer'
[2020.01.27-01.24.08:238][  0]LogTemp: Display: Module 'MacTargetPlatform' loaded TargetPlatform 'Mac'
[2020.01.27-01.24.08:251][  0]LogTemp: Display: Module 'WindowsClientTargetPlatform' loaded TargetPlatform 'WindowsClient'
[2020.01.27-01.24.08:263][  0]LogTemp: Display: Module 'WindowsNoEditorTargetPlatform' loaded TargetPlatform 'WindowsNoEditor'
[2020.01.27-01.24.08:276][  0]LogTemp: Display: Module 'WindowsServerTargetPlatform' loaded TargetPlatform 'WindowsServer'
[2020.01.27-01.24.08:282][  0]LogTemp: Display: Module 'WindowsTargetPlatform' loaded TargetPlatform 'Windows'
[2020.01.27-01.24.08:328][  0]LogTemp: Display: Module 'AndroidTargetPlatform' loaded TargetPlatform 'Android'
[2020.01.27-01.24.08:328][  0]LogTemp: Display: Module 'AndroidTargetPlatform' loaded TargetPlatform 'Android_ASTC'
[2020.01.27-01.24.08:328][  0]LogTemp: Display: Module 'AndroidTargetPlatform' loaded TargetPlatform 'Android_ATC'
[2020.01.27-01.24.08:328][  0]LogTemp: Display: Module 'AndroidTargetPlatform' loaded TargetPlatform 'Android_DXT'
[2020.01.27-01.24.08:328][  0]LogTemp: Display: Module 'AndroidTargetPlatform' loaded TargetPlatform 'Android_ETC1'
[2020.01.27-01.24.08:328][  0]LogTemp: Display: Module 'AndroidTargetPlatform' loaded TargetPlatform 'Android_ETC1a'
[2020.01.27-01.24.08:328][  0]LogTemp: Display: Module 'AndroidTargetPlatform' loaded TargetPlatform 'Android_ETC2'
[2020.01.27-01.24.08:328][  0]LogTemp: Display: Module 'AndroidTargetPlatform' loaded TargetPlatform 'Android_PVRTC'
[2020.01.27-01.24.08:328][  0]LogTemp: Display: Module 'AndroidTargetPlatform' loaded TargetPlatform 'AndroidClient'
[2020.01.27-01.24.08:328][  0]LogTemp: Display: Module 'AndroidTargetPlatform' loaded TargetPlatform 'Android_ASTCClient'
[2020.01.27-01.24.08:328][  0]LogTemp: Display: Module 'AndroidTargetPlatform' loaded TargetPlatform 'Android_ATCClient'
[2020.01.27-01.24.08:328][  0]LogTemp: Display: Module 'AndroidTargetPlatform' loaded TargetPlatform 'Android_DXTClient'
[2020.01.27-01.24.08:328][  0]LogTemp: Display: Module 'AndroidTargetPlatform' loaded TargetPlatform 'Android_ETC1Client'
[2020.01.27-01.24.08:328][  0]LogTemp: Display: Module 'AndroidTargetPlatform' loaded TargetPlatform 'Android_ETC1aClient'
[2020.01.27-01.24.08:328][  0]LogTemp: Display: Module 'AndroidTargetPlatform' loaded TargetPlatform 'Android_ETC2Client'
[2020.01.27-01.24.08:329][  0]LogTemp: Display: Module 'AndroidTargetPlatform' loaded TargetPlatform 'Android_PVRTCClient'
[2020.01.27-01.24.08:329][  0]LogTemp: Display: Module 'AndroidTargetPlatform' loaded TargetPlatform 'Android_Multi'
[2020.01.27-01.24.08:329][  0]LogTemp: Display: Module 'AndroidTargetPlatform' loaded TargetPlatform 'Android_MultiClient'
[2020.01.27-01.24.08:331][  0]LogTemp: Display: Module 'HTML5TargetPlatform' loaded TargetPlatform 'HTML5'
[2020.01.27-01.24.08:373][  0]LogTemp: Display: Module 'IOSTargetPlatform' loaded TargetPlatform 'IOSClient'
[2020.01.27-01.24.08:373][  0]LogTemp: Display: Module 'IOSTargetPlatform' loaded TargetPlatform 'IOS'
[2020.01.27-01.24.08:387][  0]LogTemp: Display: Module 'TVOSTargetPlatform' loaded TargetPlatform 'TVOSClient'
[2020.01.27-01.24.08:387][  0]LogTemp: Display: Module 'TVOSTargetPlatform' loaded TargetPlatform 'TVOS'
[2020.01.27-01.24.08:394][  0]LogTemp: Display: Module 'LinuxClientTargetPlatform' loaded TargetPlatform 'LinuxClient'
[2020.01.27-01.24.08:402][  0]LogTemp: Display: Module 'LinuxNoEditorTargetPlatform' loaded TargetPlatform 'LinuxNoEditor'
[2020.01.27-01.24.08:411][  0]LogTemp: Display: Module 'LinuxServerTargetPlatform' loaded TargetPlatform 'LinuxServer'
[2020.01.27-01.24.08:436][  0]LogTemp: Display: Module 'LinuxTargetPlatform' loaded TargetPlatform 'Linux'
[2020.01.27-01.24.08:467][  0]LogTemp: Display: Module 'LuminTargetPlatform' loaded TargetPlatform 'Lumin'
[2020.01.27-01.24.08:467][  0]LogTemp: Display: Module 'LuminTargetPlatform' loaded TargetPlatform 'LuminClient'
[2020.01.27-01.24.08:467][  0]LogTargetPlatformManager: Display: Building Assets For Windows
[2020.01.27-01.24.08:516][  0]LogAudioDebug: Display: Lib vorbis DLL was dynamically loaded.
[2020.01.27-01.24.08:647][  0]LogShaderCompilers: Guid format shader working directory is -65 characters bigger than the processId version (../../../../../../Users/user/Dropbox/Github Repositories/ZDO-03C_ZALANDO-BIM-Standardization/Proyecto Zalando/Intermediate/Shaders/WorkingDirectory/13140/).
[2020.01.27-01.24.08:647][  0]LogShaderCompilers: Cleaned the shader compiler working directory 'C:/Users/user/AppData/Local/Temp/UnrealShaderWorkingDir/C5BB7BE6405F950D4F956AABB9B3598F/'.
[2020.01.27-01.24.08:650][  0]LogXGEController: Cleaning working directory: C:/Users/user/AppData/Local/Temp/UnrealXGEWorkingDir/
[2020.01.27-01.24.08:650][  0]LogXGEController: Cannot use XGE Controller as Incredibuild is not installed on this machine.
[2020.01.27-01.24.08:650][  0]LogShaderCompilers: Cannot use XGE Shader Compiler as Incredibuild is not installed on this machine.
[2020.01.27-01.24.08:650][  0]LogShaderCompilers: Display: Using Local Shader Compiler.
[2020.01.27-01.24.11:252][  0]LogDerivedDataCache: Display: Max Cache Size: 512 MB
[2020.01.27-01.24.11:370][  0]LogDerivedDataCache: Loaded boot cache 0.12s 112MB C:/Users/user/AppData/Local/UnrealEngine/4.23/DerivedDataCache/Boot.ddc.
[2020.01.27-01.24.11:370][  0]LogDerivedDataCache: Display: Loaded Boot cache: C:/Users/user/AppData/Local/UnrealEngine/4.23/DerivedDataCache/Boot.ddc
[2020.01.27-01.24.11:370][  0]LogDerivedDataCache: FDerivedDataBackendGraph:  Pak pak cache file ../../../../../../Users/user/Dropbox/Github Repositories/ZDO-03C_ZALANDO-BIM-Standardization/Proyecto Zalando/DerivedDataCache/DDC.ddp not found, will not use a pak cache.
[2020.01.27-01.24.11:370][  0]LogDerivedDataCache: Unable to find inner node Pak for hierarchical cache Hierarchy.
[2020.01.27-01.24.11:370][  0]LogDerivedDataCache: FDerivedDataBackendGraph:  CompressedPak pak cache file ../../../../../../Users/user/Dropbox/Github Repositories/ZDO-03C_ZALANDO-BIM-Standardization/Proyecto Zalando/DerivedDataCache/Compressed.ddp not found, will not use a pak cache.
[2020.01.27-01.24.11:370][  0]LogDerivedDataCache: Unable to find inner node CompressedPak for hierarchical cache Hierarchy.
[2020.01.27-01.24.11:388][  0]LogDerivedDataCache: Display: Pak cache opened for reading ../../../Engine/DerivedDataCache/Compressed.ddp.
[2020.01.27-01.24.11:398][  0]LogDerivedDataCache: Display: Pak cache opened for reading ../../../Enterprise/DerivedDataCache/Compressed.ddp.
[2020.01.27-01.24.11:400][  0]LogDerivedDataCache: Using Local data cache path C:/Users/user/AppData/Local/UnrealEngine/Common/DerivedDataCache: Writable
[2020.01.27-01.24.11:400][  0]LogDerivedDataCache: Shared data cache path not found in *engine.ini, will not use an Shared cache.
[2020.01.27-01.24.11:400][  0]LogDerivedDataCache: Unable to find inner node Shared for hierarchical cache Hierarchy.
[2020.01.27-01.24.11:430][  0]LogMaterial: Verifying Global Shaders for PCD3D_SM5
[2020.01.27-01.24.11:435][  0]LogSlate: Using FreeType 2.6.0
[2020.01.27-01.24.11:451][  0]LogSlate: SlateFontServices - WITH_FREETYPE: 1, WITH_HARFBUZZ: 1
[2020.01.27-01.24.11:693][  0]LogAssetRegistry: FAssetRegistry took 0.0042 seconds to start up
[2020.01.27-01.24.12:068][  0]LogInit: Selected Device Profile: [Windows]
[2020.01.27-01.24.12:411][  0]LogMeshReduction: Using QuadricMeshReduction for automatic static mesh reduction
[2020.01.27-01.24.12:411][  0]LogMeshReduction: Using SimplygonMeshReduction for automatic skeletal mesh reduction
[2020.01.27-01.24.12:411][  0]LogMeshReduction: Using ProxyLODMeshReduction for automatic mesh merging
[2020.01.27-01.24.12:411][  0]LogMeshReduction: No distributed automatic mesh merging module available
[2020.01.27-01.24.12:412][  0]LogMeshMerging: No distributed automatic mesh merging module available
[2020.01.27-01.24.12:466][  0]LogNetVersion: MyProject7 1.0.0, NetCL: 8386587, EngineNetVer: 11, GameNetVer: 0 (Checksum: 1171312476)
[2020.01.27-01.24.13:275][  0]LogClass: Warning: In asset 'None', there is an enum property of type 'EDepthOfFieldMethod' with an invalid value of '('
[2020.01.27-01.24.14:052][  0]LogPackageLocalizationCache: Processed 20 localized package path(s) for 1 prioritized culture(s) in 0.151567 seconds
[2020.01.27-01.24.14:061][  0]LogUObjectArray: 43444 objects as part of root set at end of initial load.
[2020.01.27-01.24.14:061][  0]LogUObjectAllocator: 7548648 out of 0 bytes used by permanent object pool.
[2020.01.27-01.24.14:061][  0]LogUObjectArray: CloseDisregardForGC: 0/0 objects in disregard for GC pool
[2020.01.27-01.24.17:598][  0]LogPython: Using Python 2.7.14
[2020.01.27-01.24.18:502][  0]LogSubstanceCoreModule: Substance [CPU] Engine Loaded, Max Texture Size = 2048
[2020.01.27-01.24.18:533][  0]LogTcpMessaging: Initializing TcpMessaging bridge
[2020.01.27-01.24.18:539][  0]LogUdpMessaging: Initializing bridge on interface 0.0.0.0:0 to multicast group 230.0.0.1:6666.
[2020.01.27-01.24.18:665][  0]SourceControl: Source control is disabled
[2020.01.27-01.24.18:665][  0]SourceControl: Source control is disabled
[2020.01.27-01.24.18:673][  0]SourceControl: Source control is disabled
[2020.01.27-01.24.18:677][  0]SourceControl: Source control is disabled
[2020.01.27-01.24.18:686][  0]LogVSAccessor: Display: Unable to create Visual Studio setup instance: 80040154
[2020.01.27-01.24.18:687][  0]LogVSAccessor: Display: Unable to create Visual Studio setup instance: 80040154
[2020.01.27-01.24.19:124][  0]LogAndroidPermission: UAndroidPermissionCallbackProxy::GetInstance
[2020.01.27-01.24.19:253][  0]LogOcInput: OculusInput pre-init called
[2020.01.27-01.24.19:263][  0]LogWindows: Failed to load 'OVRPlugin.dll' (GetLastError=126)
[2020.01.27-01.24.19:263][  0]LogWindows: File 'OVRPlugin.dll' does not exist
[2020.01.27-01.24.22:998][  0]LogEngine: Initializing Engine...
[2020.01.27-01.24.23:000][  0]LogHMD: Failed to initialize OpenVR with code 110
[2020.01.27-01.24.23:003][  0]LogStats: UGameplayTagsManager::InitializeManager -  0.001 s
[2020.01.27-01.24.23:405][  0]LogInit: Initializing FReadOnlyCVARCache
[2020.01.27-01.24.23:448][  0]LogAIModule: Creating AISystem for world Untitled
[2020.01.27-01.24.23:477][  0]LogInit: XAudio2 using '스피커 (3- Realtek(R) Audio)' : 2 channels at 48 kHz using 32 bits per sample (channel mask 0x3)
[2020.01.27-01.24.23:565][  0]LogInit: FAudioDevice initialized.
[2020.01.27-01.24.23:565][  0]LogNetVersion: Set ProjectVersion to 1.0.0.0. Version Checksum will be recalculated on next use.
[2020.01.27-01.24.23:620][  0]LogDerivedDataCache: Saved boot cache 0.05s 112MB C:/Users/user/AppData/Local/UnrealEngine/4.23/DerivedDataCache/Boot.ddc.
[2020.01.27-01.24.23:627][  0]LogInit: Texture streaming: Enabled
[2020.01.27-01.24.23:655][  0]LogEngineSessionManager: EngineSessionManager initialized
[2020.01.27-01.24.23:655][  0]LogEditorSessionSummary: Verbose: Initializing EditorSessionSummaryWriter for editor session tracking
[2020.01.27-01.24.23:656][  0]LogEditorSessionSummary: EditorSessionSummaryWriter initialized
[2020.01.27-01.24.23:902][  0]LogInit: Transaction tracking system initialized
[2020.01.27-01.24.23:994][  0]BlueprintLog: New page: Editor Load
[2020.01.27-01.24.24:176][  0]LocalizationService: Localization service is disabled
[2020.01.27-01.24.24:321][  0]LogVSAccessor: Display: Unable to create Visual Studio setup instance: 80040154
[2020.01.27-01.24.24:322][  0]LogVSAccessor: Display: Unable to create Visual Studio setup instance: 80040154
[2020.01.27-01.24.24:800][  0]LogFileCache: Scanning file cache for directory 'C:/Users/user/Dropbox/Github Repositories/ZDO-03C_ZALANDO-BIM-Standardization/Proyecto Zalando/Content/' took 0.01s
[2020.01.27-01.24.24:800][  0]LogCook: Display: Max memory allowance for cook 16384mb min free memory 0mb
[2020.01.27-01.24.24:801][  0]LogCook: Display: Mobile HDR setting 1
[2020.01.27-01.24.26:970][  0]SourceControl: Source control is disabled
[2020.01.27-01.24.26:979][  0]LightingResults: New page: Lighting Build
[2020.01.27-01.24.26:984][  0]LogWorld: UWorld::CleanupWorld for Untitled, bSessionEnded=true, bCleanupResources=true
[2020.01.27-01.24.26:986][  0]MapCheck: New page: Map Check
[2020.01.27-01.24.26:986][  0]LightingResults: New page: Lighting Build
[2020.01.27-01.24.27:018][  0]LogUObjectHash: Compacting FUObjectHashTables data took   1.59ms
[2020.01.27-01.24.27:275][  0]LogStaticMesh: Building static mesh Floor_400x400...
[2020.01.27-01.24.27:281][  0]LogStaticMesh: Built static mesh [0.01s] /Game/StarterContent/Architecture/Floor_400x400.Floor_400x400
[2020.01.27-01.24.27:347][  0]LogAIModule: Creating AISystem for world Minimal_Default
[2020.01.27-01.24.27:370][  0]LogEditorServer: Finished looking for orphan Actors (0.000 secs)
[2020.01.27-01.24.27:399][  0]LogUObjectHash: Compacting FUObjectHashTables data took   1.90ms
[2020.01.27-01.24.27:399][  0]Cmd: MAP CHECKDEP NOCLEARLOG
[2020.01.27-01.24.27:400][  0]MapCheck: Map check complete: 0 Error(s), 0 Warning(s), took 0.25ms to complete.
[2020.01.27-01.24.27:400][  0]LogFileHelpers: Loading map 'Minimal_Default' took 0.429
[2020.01.27-01.24.27:553][  0]LogSlate: Updating window title bar state: overlay mode, drag disabled, window buttons hidden, title bar hidden
[2020.01.27-01.24.27:559][  0]LogSlate: Updating window title bar state: overlay mode, drag disabled, window buttons hidden, title bar hidden
[2020.01.27-01.24.27:566][  0]LogSlate: Updating window title bar state: overlay mode, drag disabled, window buttons hidden, title bar hidden
[2020.01.27-01.24.27:575][  0]LogSlate: Updating window title bar state: overlay mode, drag disabled, window buttons hidden, title bar hidden
[2020.01.27-01.24.27:591][  0]LogCollectionManager: Loaded 0 collections in 0.001793 seconds
[2020.01.27-01.24.27:610][  0]LogFileCache: Scanning file cache for directory 'C:/Users/user/Dropbox/Github Repositories/ZDO-03C_ZALANDO-BIM-Standardization/Proyecto Zalando/Saved/Collections/' took 0.00s
[2020.01.27-01.24.27:610][  0]LogFileCache: Scanning file cache for directory 'C:/Users/user/Dropbox/Github Repositories/ZDO-03C_ZALANDO-BIM-Standardization/Proyecto Zalando/Content/Developers/user/Collections/' took 0.00s
[2020.01.27-01.24.27:610][  0]LogFileCache: Scanning file cache for directory 'C:/Users/user/Dropbox/Github Repositories/ZDO-03C_ZALANDO-BIM-Standardization/Proyecto Zalando/Content/Collections/' took 0.00s
[2020.01.27-01.24.27:610][  0]LogCollectionManager: Rebuilt the GUID cache for 0 collections in 0.000002 seconds
[2020.01.27-01.24.27:620][  0]LogContentBrowser: Native class hierarchy populated in 0.0088 seconds. Added 3077 classes and 778 folders.
[2020.01.27-01.24.27:633][  0]LogContentBrowser: Native class hierarchy updated for 'WidgetCarousel' in 0.0002 seconds. Added 0 classes and 0 folders.
[2020.01.27-01.24.27:945][  0]LogContentBrowser: Native class hierarchy updated for 'AddContentDialog' in 0.0002 seconds. Added 0 classes and 0 folders.
[2020.01.27-01.24.27:951][  0]LogContentBrowser: Native class hierarchy updated for 'SceneOutliner' in 0.0002 seconds. Added 1 classes and 0 folders.
[2020.01.27-01.24.28:112][  0]LogSlate: Took 0.008801 seconds to synchronously load lazily loaded font '../../../Engine/Content/Slate/Fonts/Roboto-Regular.ttf' (155K)
[2020.01.27-01.24.28:121][  0]LogSlate: Took 0.006083 seconds to synchronously load lazily loaded font '../../../Engine/Content/Slate/Fonts/Roboto-Bold.ttf' (160K)
[2020.01.27-01.24.28:132][  0]LogSlate: Took 0.006865 seconds to synchronously load lazily loaded font '../../../Engine/Content/Editor/Slate/Fonts/FontAwesome.ttf' (139K)
[2020.01.27-01.24.28:275][  0]LogRenderer: Reallocating scene render targets to support 1144x544 Format 10 NumSamples 1 (Frame:1).
[2020.01.27-01.24.28:405][  0]LogContentBrowser: Native class hierarchy updated for 'HierarchicalLODOutliner' in 0.0003 seconds. Added 0 classes and 0 folders.
[2020.01.27-01.24.28:405][  0]LogLoad: (Engine Initialization) Total time: 28.54 seconds
[2020.01.27-01.24.28:405][  0]LogLoad: (Engine Initialization) Total Blueprint compile time: 0.00 seconds
[2020.01.27-01.24.28:489][  0]LogContentStreaming: Texture pool size now 3000 MB
[2020.01.27-01.24.28:532][  0]LogSlate: Took 0.004755 seconds to synchronously load lazily loaded font '../../../Engine/Content/Slate/Fonts/Roboto-Light.ttf' (167K)
[2020.01.27-01.24.28:544][  1]LogSubstanceLiveLink: Warning: Unable to send data along socket, closing connection
[2020.01.27-01.24.29:044][ 10]LogAssetRegistry: Asset discovery search completed in 17.3531 seconds
[2020.01.27-01.24.29:049][ 10]LogCollectionManager: Rebuilt the object cache for 0 collections in 0.000005 seconds (found 0 objects)
[2020.01.27-01.24.29:049][ 10]LogCollectionManager: Fixed up redirectors for 0 collections in 0.000092 seconds (updated 0 objects)
[2020.01.27-01.24.34:689][348]LogSlate: FSceneViewport::OnFocusLost() reason 0
[2020.01.27-01.25.28:493][774]LogEditorSessionSummary: EditorSessionSummary sent report. Type=Shutdown, SessionId={59EC67FF-4A27-5501-074B-CEBA4B600787}
[2020.01.27-01.38.23:206][783]LogUObjectHash: Compacting FUObjectHashTables data took   0.81ms
[2020.01.27-01.38.23:260][783]LogSlate: Window 'MyProject7 - Unreal Editor' being destroyed
[2020.01.27-01.38.23:361][784]Cmd: QUIT_EDITOR
[2020.01.27-01.38.23:380][784]LogWindowsTextInputMethodSystem: Display: IME system now deactivated.
[2020.01.27-01.38.23:395][784]LogExit: Preparing to exit.
[2020.01.27-01.38.23:430][784]LogUObjectHash: Compacting FUObjectHashTables data took   2.38ms
[2020.01.27-01.38.24:005][784]LogDemo: Cleaned up 0 splitscreen connections with owner deletion
[2020.01.27-01.38.24:009][784]LogWorld: UWorld::CleanupWorld for None, bSessionEnded=true, bCleanupResources=true
[2020.01.27-01.38.24:009][784]LogExit: Editor shut down
[2020.01.27-01.38.24:013][784]LogExit: Transaction tracking system shut down
[2020.01.27-01.38.24:252][784]LogExit: Object subsystem successfully closed.
[2020.01.27-01.38.24:278][784]LogShaderCompilers: Display: Shaders left to compile 0
[2020.01.27-01.38.24:310][784]LogModuleManager: Shutting down and abandoning module HierarchicalLODOutliner (744)
[2020.01.27-01.38.24:310][784]LogModuleManager: Shutting down and abandoning module SceneOutliner (742)
[2020.01.27-01.38.24:310][784]LogModuleManager: Shutting down and abandoning module AddContentDialog (740)
[2020.01.27-01.38.24:310][784]LogModuleManager: Shutting down and abandoning module WidgetCarousel (739)
[2020.01.27-01.38.24:310][784]LogModuleManager: Shutting down and abandoning module EditorWidgets (736)
[2020.01.27-01.38.24:310][784]LogModuleManager: Shutting down and abandoning module CollectionManager (734)
[2020.01.27-01.38.24:310][784]LogModuleManager: Shutting down and abandoning module MeshBuilder (732)
[2020.01.27-01.38.24:310][784]LogModuleManager: Shutting down and abandoning module StatsViewer (730)
[2020.01.27-01.38.24:310][784]LogModuleManager: Shutting down and abandoning module VirtualTexturingEditor (728)
[2020.01.27-01.38.24:310][784]LogModuleManager: Shutting down and abandoning module FoliageEdit (726)
[2020.01.27-01.38.24:310][784]LogModuleManager: Shutting down and abandoning module LandscapeEditor (724)
[2020.01.27-01.38.24:311][784]LogModuleManager: Shutting down and abandoning module MeshPaintMode (722)
[2020.01.27-01.38.24:311][784]LogModuleManager: Shutting down and abandoning module SceneDepthPickerMode (720)
[2020.01.27-01.38.24:311][784]LogModuleManager: Shutting down and abandoning module ActorPickerMode (718)
[2020.01.27-01.38.24:311][784]LogModuleManager: Shutting down and abandoning module GeometryMode (716)
[2020.01.27-01.38.24:311][784]LogModuleManager: Shutting down and abandoning module TextureAlignMode (714)
[2020.01.27-01.38.24:311][784]LogModuleManager: Shutting down and abandoning module BspMode (712)
[2020.01.27-01.38.24:311][784]LogModuleManager: Shutting down and abandoning module PIEPreviewDeviceProfileSelector (710)
[2020.01.27-01.38.24:312][784]LogModuleManager: Shutting down and abandoning module SequenceRecorderSections (708)
[2020.01.27-01.38.24:312][784]LogModuleManager: Shutting down and abandoning module AutomationWorker (706)
[2020.01.27-01.38.24:312][784]LogModuleManager: Shutting down and abandoning module DatasmithFBXImporter (704)
[2020.01.27-01.38.24:312][784]LogModuleManager: Shutting down and abandoning module DatasmithDeltaGenImporter (702)
[2020.01.27-01.38.24:312][784]LogModuleManager: Shutting down and abandoning module DatasmithVREDImporter (700)
[2020.01.27-01.38.24:312][784]LogModuleManager: Shutting down and abandoning module OculusMR (698)
[2020.01.27-01.38.24:312][784]LogModuleManager: Shutting down and abandoning module AudioCaptureEditor (696)
[2020.01.27-01.38.24:312][784]LogModuleManager: Shutting down and abandoning module MatineeToLevelSequence (694)
[2020.01.27-01.38.24:312][784]LogModuleManager: Shutting down and abandoning module LevelSequenceEditor (692)
[2020.01.27-01.38.24:312][784]LogModuleManager: Shutting down and abandoning module PlacementMode (691)
[2020.01.27-01.38.24:312][784]LogModuleManager: Shutting down and abandoning module MaterialEditor (690)
[2020.01.27-01.38.24:312][784]LogModuleManager: Shutting down and abandoning module ActorSequenceEditor (686)
[2020.01.27-01.38.24:312][784]LogModuleManager: Shutting down and abandoning module WmfMediaFactory (684)
[2020.01.27-01.38.24:312][784]LogModuleManager: Shutting down and abandoning module WmfMediaEditor (682)
[2020.01.27-01.38.24:312][784]LogModuleManager: Shutting down and abandoning module WebMMediaFactory (680)
[2020.01.27-01.38.24:312][784]LogModuleManager: Shutting down and abandoning module WebMMediaEditor (678)
[2020.01.27-01.38.24:312][784]LogModuleManager: Shutting down and abandoning module WebMMedia (676)
[2020.01.27-01.38.24:312][784]LogModuleManager: Shutting down and abandoning module MediaPlayerEditor (674)
[2020.01.27-01.38.24:313][784]LogModuleManager: Shutting down and abandoning module MediaCompositingEditor (672)
[2020.01.27-01.38.24:313][784]LogModuleManager: Shutting down and abandoning module SequenceRecorder (671)
[2020.01.27-01.38.24:313][784]LogModuleManager: Shutting down and abandoning module OpenExrWrapper (668)
[2020.01.27-01.38.24:313][784]LogModuleManager: Shutting down and abandoning module ImgMediaFactory (666)
[2020.01.27-01.38.24:313][784]LogModuleManager: Shutting down and abandoning module ImgMediaEditor (664)
[2020.01.27-01.38.24:313][784]LogModuleManager: Shutting down and abandoning module AvfMediaFactory (662)
[2020.01.27-01.38.24:313][784]LogModuleManager: Shutting down and abandoning module AvfMediaEditor (660)
[2020.01.27-01.38.24:313][784]LogModuleManager: Shutting down and abandoning module AndroidMediaFactory (658)
[2020.01.27-01.38.24:313][784]LogModuleManager: Shutting down and abandoning module AndroidMediaEditor (656)
[2020.01.27-01.38.24:313][784]LogModuleManager: Shutting down and abandoning module MagicLeapCameraPreviewFactory (654)
[2020.01.27-01.38.24:313][784]LogModuleManager: Shutting down and abandoning module MagicLeapMediaCodecFactory (652)
[2020.01.27-01.38.24:313][784]LogModuleManager: Shutting down and abandoning module MagicLeapMediaFactory (650)
[2020.01.27-01.38.24:313][784]LogModuleManager: Shutting down and abandoning module MagicLeapMediaEditor (648)
[2020.01.27-01.38.24:313][784]LogModuleManager: Shutting down and abandoning module CharacterAI (646)
[2020.01.27-01.38.24:313][784]LogModuleManager: Shutting down and abandoning module SmartSnapping (644)
[2020.01.27-01.38.24:313][784]LogModuleManager: Shutting down and abandoning module SessionServices (642)
[2020.01.27-01.38.24:313][784]LogModuleManager: Shutting down and abandoning module MeshPaint (640)
[2020.01.27-01.38.24:313][784]LogModuleManager: Shutting down and abandoning module ViewportSnapping (638)
[2020.01.27-01.38.24:313][784]LogModuleManager: Shutting down and abandoning module ViewportInteraction (636)
[2020.01.27-01.38.24:313][784]LogModuleManager: Shutting down and abandoning module ClothPainter (634)
[2020.01.27-01.38.24:313][784]LogModuleManager: Shutting down and abandoning module SkeletalMeshEditor (633)
[2020.01.27-01.38.24:314][784]LogModuleManager: Shutting down and abandoning module LogVisualizer (630)
[2020.01.27-01.38.24:315][784]LogModuleManager: Shutting down and abandoning module IntroTutorials (628)
[2020.01.27-01.38.24:315][784]LogModuleManager: Shutting down and abandoning module GameProjectGeneration (627)
[2020.01.27-01.38.24:315][784]LogModuleManager: Shutting down and abandoning module LuminPlatformEditor (624)
[2020.01.27-01.38.24:315][784]LogModuleManager: Shutting down and abandoning module IOSPlatformEditor (622)
[2020.01.27-01.38.24:315][784]LogModuleManager: Shutting down and abandoning module HTML5PlatformEditor (620)
[2020.01.27-01.38.24:315][784]LogModuleManager: Shutting down and abandoning module AndroidPlatformEditor (618)
[2020.01.27-01.38.24:315][784]LogModuleManager: Shutting down and abandoning module AndroidDeviceDetection (617)
[2020.01.27-01.38.24:709][784]LogModuleManager: Shutting down and abandoning module WindowsPlatformEditor (614)
[2020.01.27-01.38.24:709][784]LogModuleManager: Shutting down and abandoning module LuminRuntimeSettings (612)
[2020.01.27-01.38.24:709][784]LogModuleManager: Shutting down and abandoning module IOSRuntimeSettings (610)
[2020.01.27-01.38.24:709][784]LogModuleManager: Shutting down and abandoning module AndroidRuntimeSettings (608)
[2020.01.27-01.38.24:709][784]LogModuleManager: Shutting down and abandoning module TimeManagementEditor (606)
[2020.01.27-01.38.24:709][784]LogModuleManager: Shutting down and abandoning module InputBindingEditor (604)
[2020.01.27-01.38.24:709][784]LogModuleManager: Shutting down and abandoning module MergeActors (602)
[2020.01.27-01.38.24:709][784]LogModuleManager: Shutting down and abandoning module LocalizationDashboard (600)
[2020.01.27-01.38.24:709][784]LogModuleManager: Shutting down and abandoning module LocalizationService (599)
[2020.01.27-01.38.24:709][784]LogModuleManager: Shutting down and abandoning module HardwareTargeting (596)
[2020.01.27-01.38.24:709][784]LogModuleManager: Shutting down and abandoning module DeviceProfileEditor (594)
[2020.01.27-01.38.24:709][784]LogModuleManager: Shutting down and abandoning module UndoHistory (592)
[2020.01.27-01.38.24:710][784]LogModuleManager: Shutting down and abandoning module XmlParser (590)
[2020.01.27-01.38.24:710][784]LogModuleManager: Shutting down and abandoning module Blutility (588)
[2020.01.27-01.38.24:710][784]LogModuleManager: Shutting down and abandoning module ProjectSettingsViewer (586)
[2020.01.27-01.38.24:710][784]LogModuleManager: Shutting down and abandoning module ProjectTargetPlatformEditor (585)
[2020.01.27-01.38.24:710][784]LogModuleManager: Shutting down and abandoning module EditorSettingsViewer (582)
[2020.01.27-01.38.24:710][784]LogModuleManager: Shutting down and abandoning module SettingsEditor (580)
[2020.01.27-01.38.24:710][784]LogModuleManager: Shutting down and abandoning module ProjectLauncher (578)
[2020.01.27-01.38.24:710][784]LogModuleManager: Shutting down and abandoning module SessionFrontend (576)
[2020.01.27-01.38.24:710][784]LogModuleManager: Shutting down and abandoning module ProfilerClient (574)
[2020.01.27-01.38.24:711][784]LogModuleManager: Shutting down and abandoning module DeviceManager (572)
[2020.01.27-01.38.24:711][784]LogModuleManager: Shutting down and abandoning module TargetDeviceServices (571)
[2020.01.27-01.38.24:755][784]LogModuleManager: Shutting down and abandoning module AutomationController (568)
[2020.01.27-01.38.24:755][784]LogModuleManager: Shutting down and abandoning module AutomationWindow (566)
[2020.01.27-01.38.24:756][784]LogModuleManager: Shutting down and abandoning module Layers (564)
[2020.01.27-01.38.24:758][784]LogModuleManager: Shutting down and abandoning module ComponentVisualizers (562)
[2020.01.27-01.38.24:758][784]LogModuleManager: Shutting down and abandoning module DetailCustomizations (560)
[2020.01.27-01.38.24:758][784]LogModuleManager: Shutting down and abandoning module PackagesDialog (558)
[2020.01.27-01.38.24:759][784]LogModuleManager: Shutting down and abandoning module AnimationBlueprintEditor (556)
[2020.01.27-01.38.24:761][784]LogModuleManager: Shutting down and abandoning module Persona (554)
[2020.01.27-01.38.24:762][784]LogModuleManager: Shutting down and abandoning module AnimGraph (553)
[2020.01.27-01.38.24:762][784]LogModuleManager: Shutting down and abandoning module Kismet (550)
[2020.01.27-01.38.24:762][784]LogModuleManager: Shutting down and abandoning module KismetWidgets (549)
[2020.01.27-01.38.24:762][784]LogModuleManager: Shutting down and abandoning module GraphEditor (546)
[2020.01.27-01.38.24:762][784]LogModuleManager: Shutting down and abandoning module StructViewer (544)
[2020.01.27-01.38.24:762][784]LogModuleManager: Shutting down and abandoning module ClassViewer (542)
[2020.01.27-01.38.24:762][784]LogModuleManager: Shutting down and abandoning module Toolbox (540)
[2020.01.27-01.38.24:762][784]LogModuleManager: Shutting down and abandoning module ModuleUI (538)
[2020.01.27-01.38.24:762][784]LogModuleManager: Shutting down and abandoning module MovieSceneTools (536)
[2020.01.27-01.38.24:762][784]LogModuleManager: Shutting down and abandoning module OutputLog (534)
[2020.01.27-01.38.24:763][784]LogModuleManager: Shutting down and abandoning module GammaUI (532)
[2020.01.27-01.38.24:763][784]LogModuleManager: Shutting down and abandoning module Documentation (530)
[2020.01.27-01.38.24:763][784]LogModuleManager: Shutting down and abandoning module LiveCoding (528)
[2020.01.27-01.38.24:763][784]LogModuleManager: Shutting down and abandoning module LevelSequence (526)
[2020.01.27-01.38.24:763][784]LogModuleManager: Shutting down and abandoning module MovieSceneTracks (524)
[2020.01.27-01.38.24:763][784]LogModuleManager: Shutting down and abandoning module MovieScene (522)
[2020.01.27-01.38.24:763][784]LogModuleManager: Shutting down and abandoning module StreamingPauseRendering (520)
[2020.01.27-01.38.24:763][784]LogModuleManager: Shutting down and abandoning module LauncherPlatform (518)
[2020.01.27-01.38.24:763][784]LogModuleManager: Shutting down and abandoning module AnalyticsET (516)
[2020.01.27-01.38.24:763][784]LogModuleManager: Shutting down and abandoning module PortalServices (514)
[2020.01.27-01.38.24:763][784]LogModuleManager: Shutting down and abandoning module PortalRpc (512)
[2020.01.27-01.38.24:763][784]LogModuleManager: Shutting down and abandoning module MessagingRpc (510)
[2020.01.27-01.38.24:763][784]LogModuleManager: Shutting down and abandoning module AIModule (508)
[2020.01.27-01.38.24:763][784]LogModuleManager: Shutting down and abandoning module GameplayDebugger (507)
[2020.01.27-01.38.24:763][784]LogModuleManager: Shutting down and abandoning module AITestSuite (505)
[2020.01.27-01.38.24:763][784]LogModuleManager: Shutting down and abandoning module NavigationSystem (503)
[2020.01.27-01.38.24:763][784]LogModuleManager: Shutting down and abandoning module DesktopPlatform (500)
[2020.01.27-01.38.24:763][784]LogModuleManager: Shutting down and abandoning module ImageWriteQueue (498)
[2020.01.27-01.38.24:766][784]LogModuleManager: Shutting down and abandoning module ProfilerService (496)
[2020.01.27-01.38.24:816][784]LogModuleManager: Shutting down and abandoning module TaskGraph (494)
[2020.01.27-01.38.24:817][784]LogModuleManager: Shutting down and abandoning module DatasmithCADTranslator (492)
[2020.01.27-01.38.24:817][784]LogModuleManager: Shutting down and abandoning module DatasmithC4DImporter (490)
[2020.01.27-01.38.24:817][784]LogModuleManager: Shutting down and abandoning module MegascansPlugin (488)
[2020.01.27-01.38.24:817][784]LogModuleManager: Shutting down and abandoning module SubstanceLiveLink (486)
[2020.01.27-01.38.24:817][784]LogModuleManager: Shutting down and abandoning module SubstanceSource (484)
[2020.01.27-01.38.24:818][784]LogModuleManager: Shutting down and abandoning module SubstanceEditor (482)
[2020.01.27-01.38.24:818][784]LogModuleManager: Shutting down and abandoning module VariantManager (480)
[2020.01.27-01.38.24:818][784]LogModuleManager: Shutting down and abandoning module StaticMeshEditorExtension (478)
[2020.01.27-01.38.24:818][784]LogModuleManager: Shutting down and abandoning module MeshProcessingLibrary (477)
[2020.01.27-01.38.24:818][784]LogModuleManager: Shutting down and abandoning module MDLImporter (474)
[2020.01.27-01.38.24:819][784]LogModuleManager: Shutting down and abandoning module DatasmithCoreTechExtension (472)
[2020.01.27-01.38.24:819][784]LogModuleManager: Shutting down and abandoning module StaticMeshEditor (471)
[2020.01.27-01.38.24:821][784]LogModuleManager: Shutting down and abandoning module AdvancedPreviewScene (470)
[2020.01.27-01.38.24:821][784]LogModuleManager: Shutting down and abandoning module DatasmithOpenNurbsTranslator (466)
[2020.01.27-01.38.24:821][784]LogModuleManager: Shutting down and abandoning module DatasmithNativeTranslator (464)
[2020.01.27-01.38.24:821][784]LogModuleManager: Shutting down and abandoning module DatasmithIFCImporter (462)
[2020.01.27-01.38.24:821][784]LogModuleManager: Shutting down and abandoning module DatasmithGLTFImporter (460)
[2020.01.27-01.38.24:821][784]LogModuleManager: Shutting down and abandoning module DatasmithImporter (459)
[2020.01.27-01.38.24:822][784]LogModuleManager: Shutting down and abandoning module ScreenshotTools (456)
[2020.01.27-01.38.24:822][784]LogModuleManager: Shutting down and abandoning module SteamVRController (454)
[2020.01.27-01.38.24:822][784]LogModuleManager: Shutting down and abandoning module ProceduralMeshComponentEditor (452)
[2020.01.27-01.38.24:822][784]LogModuleManager: Shutting down and abandoning module ProceduralMeshComponent (450)
[2020.01.27-01.38.24:822][784]LogModuleManager: Shutting down and abandoning module OculusEditor (448)
[2020.01.27-01.38.24:822][784]LogModuleManager: Shutting down and abandoning module OculusInput (446)
[2020.01.27-01.38.24:822][784]LogModuleManager: Shutting down and abandoning module MobilePatchingUtils (444)
[2020.01.27-01.38.24:822][784]LogModuleManager: Shutting down and abandoning module EditableMesh (442)
[2020.01.27-01.38.24:822][784]LogModuleManager: Shutting down and abandoning module CustomMeshComponent (440)
[2020.01.27-01.38.24:822][784]LogModuleManager: Shutting down and abandoning module CableComponent (438)
[2020.01.27-01.38.24:822][784]LogModuleManager: Shutting down and abandoning module AudioCapture (436)
[2020.01.27-01.38.24:822][784]LogModuleManager: Shutting down and abandoning module ArchVisCharacter (434)
[2020.01.27-01.38.24:822][784]LogModuleManager: Shutting down and abandoning module AppleImageUtilsBlueprintSupport (432)
[2020.01.27-01.38.24:823][784]LogModuleManager: Shutting down and abandoning module AppleImageUtils (430)
[2020.01.27-01.38.24:823][784]LogModuleManager: Shutting down and abandoning module AndroidPermission (428)
[2020.01.27-01.38.24:823][784]LogModuleManager: Shutting down and abandoning module NUTUnrealEngine4 (426)
[2020.01.27-01.38.24:823][784]LogModuleManager: Shutting down and abandoning module NetcodeUnitTest (424)
[2020.01.27-01.38.24:823][784]LogModuleManager: Shutting down and abandoning module MediaCompositing (422)
[2020.01.27-01.38.24:823][784]LogModuleManager: Shutting down and abandoning module ImgMedia (420)
[2020.01.27-01.38.24:823][784]LogModuleManager: Shutting down and abandoning module MagicLeapHelperVulkan (418)
[2020.01.27-01.38.24:823][784]LogModuleManager: Shutting down and abandoning module MagicLeapHelperOpenGL (416)
[2020.01.27-01.38.24:823][784]LogModuleManager: Shutting down and abandoning module MagicLeapAudio (414)
[2020.01.27-01.38.24:823][784]LogModuleManager: Shutting down and abandoning module HTML5Networking (412)
[2020.01.27-01.38.24:823][784]LogModuleManager: Shutting down and abandoning module GeometryCollectionTracks (410)
[2020.01.27-01.38.24:823][784]LogModuleManager: Shutting down and abandoning module GeometryCollectionSequencer (409)
[2020.01.27-01.38.24:823][784]LogModuleManager: Shutting down and abandoning module GeometryCollectionEditor (406)
[2020.01.27-01.38.24:823][784]LogModuleManager: Shutting down and abandoning module GeometryCollectionExampleCore (404)
[2020.01.27-01.38.24:823][784]LogModuleManager: Shutting down and abandoning module GeometryCacheTracks (402)
[2020.01.27-01.38.24:823][784]LogModuleManager: Shutting down and abandoning module GeometryCacheSequencer (400)
[2020.01.27-01.38.24:823][784]LogModuleManager: Shutting down and abandoning module DataprepLibraries (398)
[2020.01.27-01.38.24:823][784]LogModuleManager: Shutting down and abandoning module DataprepCore (396)
[2020.01.27-01.38.24:823][784]LogModuleManager: Shutting down and abandoning module DataprepEditor (394)
[2020.01.27-01.38.24:824][784]LogModuleManager: Shutting down and abandoning module ChaosSolverEditor (392)
[2020.01.27-01.38.24:824][784]LogModuleManager: Shutting down and abandoning module BlastCore (390)
[2020.01.27-01.38.24:824][784]LogModuleManager: Shutting down and abandoning module BlastAuthoring (388)
[2020.01.27-01.38.24:824][784]LogModuleManager: Shutting down and abandoning module BackChannel (386)
[2020.01.27-01.38.24:824][784]LogModuleManager: Shutting down and abandoning module AutomationUtilsEditor (384)
[2020.01.27-01.38.24:824][784]LogModuleManager: Shutting down and abandoning module AutomationUtils (382)
[2020.01.27-01.38.24:824][784]LogModuleManager: Shutting down and abandoning module AlembicImporter (380)
[2020.01.27-01.38.24:824][784]LogModuleManager: Shutting down and abandoning module AlembicLibrary (379)
[2020.01.27-01.38.24:825][784]LogModuleManager: Shutting down and abandoning module GeometryCache (378)
[2020.01.27-01.38.24:825][784]LogModuleManager: Shutting down and abandoning module GeometryCacheEd (377)
[2020.01.27-01.38.24:825][784]LogModuleManager: Shutting down and abandoning module VariantManagerContent (372)
[2020.01.27-01.38.24:825][784]LogModuleManager: Shutting down and abandoning module DatasmithContentEditor (370)
[2020.01.27-01.38.24:825][784]LogModuleManager: Shutting down and abandoning module SpeedTreeImporter (368)
[2020.01.27-01.38.24:825][784]LogModuleManager: Shutting down and abandoning module PluginBrowser (366)
[2020.01.27-01.38.24:825][784]LogModuleManager: Shutting down and abandoning module MobileLauncherProfileWizard (364)
[2020.01.27-01.38.24:825][784]LogModuleManager: Shutting down and abandoning module PolygonModeling (362)
[2020.01.27-01.38.24:825][784]LogModuleManager: Shutting down and abandoning module MeshEditor (360)
[2020.01.27-01.38.24:825][784]LogModuleManager: Shutting down and abandoning module MaterialAnalyzer (358)
[2020.01.27-01.38.24:825][784]LogModuleManager: Shutting down and abandoning module GLTFImporter (356)
[2020.01.27-01.38.24:825][784]LogModuleManager: Shutting down and abandoning module EditorScriptingUtilities (354)
[2020.01.27-01.38.24:825][784]LogModuleManager: Shutting down and abandoning module CurveEditorTools (352)
[2020.01.27-01.38.24:825][784]LogModuleManager: Shutting down and abandoning module CurveEditor (351)
[2020.01.27-01.38.24:825][784]LogModuleManager: Shutting down and abandoning module CryptoKeysOpenSSL (348)
[2020.01.27-01.38.24:825][784]LogModuleManager: Shutting down and abandoning module CryptoKeys (346)
[2020.01.27-01.38.24:825][784]LogModuleManager: Shutting down and abandoning module VisualStudioSourceCodeAccess (344)
[2020.01.27-01.38.24:826][784]LogModuleManager: Shutting down and abandoning module VisualStudioCodeSourceCodeAccess (342)
[2020.01.27-01.38.24:826][784]LogModuleManager: Shutting down and abandoning module UObjectPlugin (340)
[2020.01.27-01.38.24:826][784]LogModuleManager: Shutting down and abandoning module SubversionSourceControl (338)
[2020.01.27-01.38.24:826][784]LogModuleManager: Shutting down and abandoning module PerforceSourceControl (336)
[2020.01.27-01.38.24:826][784]LogModuleManager: Shutting down and abandoning module GitSourceControl (334)
[2020.01.27-01.38.24:826][784]LogModuleManager: Shutting down and abandoning module SourceControl (333)
[2020.01.27-01.38.24:826][784]LogModuleManager: Shutting down and abandoning module CLionSourceCodeAccess (330)
[2020.01.27-01.38.24:826][784]LogModuleManager: Shutting down and abandoning module AnimationSharingEd (328)
[2020.01.27-01.38.24:826][784]LogModuleManager: Shutting down and abandoning module ActorLayerUtilitiesEditor (326)
[2020.01.27-01.38.24:826][784]LogModuleManager: Shutting down and abandoning module ActorLayerUtilities (324)
[2020.01.27-01.38.24:826][784]LogModuleManager: Shutting down and abandoning module LightPropagationVolumeEditor (322)
[2020.01.27-01.38.24:826][784]LogModuleManager: Shutting down and abandoning module PaperTiledImporter (320)
[2020.01.27-01.38.24:826][784]LogModuleManager: Shutting down and abandoning module PaperSpriteSheetImporter (318)
[2020.01.27-01.38.24:826][784]LogModuleManager: Shutting down and abandoning module Paper2DEditor (316)
[2020.01.27-01.38.24:827][784]LogModuleManager: Shutting down and abandoning module SignificanceManager (314)
[2020.01.27-01.38.24:827][784]LogModuleManager: Shutting down and abandoning module RuntimePhysXCooking (312)
[2020.01.27-01.38.24:827][784]LogModuleManager: Shutting down and abandoning module PhysXVehiclesEditor (310)
[2020.01.27-01.38.24:827][784]LogModuleManager: Shutting down and abandoning module LocationServicesBPLibrary (306)
[2020.01.27-01.38.24:827][784]LogModuleManager: Shutting down and abandoning module ActorSequence (304)
[2020.01.27-01.38.24:827][784]LogModuleManager: Shutting down and abandoning module UdpMessaging (302)
[2020.01.27-01.38.24:928][784]LogModuleManager: Shutting down and abandoning module TcpMessaging (300)
[2020.01.27-01.38.25:029][784]LogModuleManager: Shutting down and abandoning module SubstanceCore (298)
[2020.01.27-01.38.25:029][784]LogModuleManager: Shutting down and abandoning module MagicLeapIdentity (296)
[2020.01.27-01.38.25:029][784]LogModuleManager: Shutting down and abandoning module MagicLeapSecureStorage (294)
[2020.01.27-01.38.25:029][784]LogModuleManager: Shutting down and abandoning module MagicLeapHandTracking (292)
[2020.01.27-01.38.25:029][784]LogModuleManager: Shutting down and abandoning module MagicLeapEyeTracker (290)
[2020.01.27-01.38.25:029][784]LogModuleManager: Shutting down and abandoning module MagicLeapController (288)
[2020.01.27-01.38.25:029][784]LogSlate: Slate User Destroyed.  User Index 0, Is Virtual User: 0
[2020.01.27-01.38.25:029][784]LogModuleManager: Shutting down and abandoning module MagicLeapAR (286)
[2020.01.27-01.38.25:029][784]LogModuleManager: Shutting down and abandoning module AugmentedReality (285)
[2020.01.27-01.38.25:029][784]LogModuleManager: Shutting down and abandoning module PythonScriptPlugin (282)
[2020.01.27-01.38.25:029][784]LogModuleManager: Shutting down and abandoning module GameplayTagsEditor (280)
[2020.01.27-01.38.25:030][784]LogModuleManager: Shutting down and abandoning module FacialAnimationEditor (278)
[2020.01.27-01.38.25:030][784]LogModuleManager: Shutting down and abandoning module FacialAnimation (276)
[2020.01.27-01.38.25:030][784]LogModuleManager: Shutting down and abandoning module DataValidation (274)
[2020.01.27-01.38.25:030][784]LogModuleManager: Shutting down and abandoning module AssetManagerEditor (272)
[2020.01.27-01.38.25:030][784]LogModuleManager: Shutting down and abandoning module LevelEditor (271)
[2020.01.27-01.38.25:031][784]LogModuleManager: Shutting down and abandoning module PixelInspectorModule (270)
[2020.01.27-01.38.25:031][784]LogModuleManager: Shutting down and abandoning module CommonMenuExtensions (268)
[2020.01.27-01.38.25:031][784]LogModuleManager: Shutting down and abandoning module MainFrame (266)
[2020.01.27-01.38.25:031][784]LogModuleManager: Shutting down and abandoning module HotReload (265)
[2020.01.27-01.38.25:031][784]LogModuleManager: Shutting down and abandoning module ContentBrowser (261)
[2020.01.27-01.38.25:032][784]LogModuleManager: Shutting down and abandoning module TreeMap (259)
[2020.01.27-01.38.25:032][784]LogModuleManager: Shutting down and abandoning module AnimationSharing (256)
[2020.01.27-01.38.25:032][784]LogModuleManager: Shutting down and abandoning module LightPropagationVolumeRuntime (254)
[2020.01.27-01.38.25:032][784]LogModuleManager: Shutting down and abandoning module Paper2D (252)
[2020.01.27-01.38.25:032][784]LogModuleManager: Shutting down and abandoning module WindowsMoviePlayer (250)
[2020.01.27-01.38.25:033][784]LogModuleManager: Shutting down and abandoning module WebMMoviePlayer (248)
[2020.01.27-01.38.25:033][784]LogModuleManager: Shutting down and abandoning module NetworkReplayStreaming (246)
[2020.01.27-01.38.25:033][784]LogModuleManager: Shutting down and abandoning module PacketHandler (244)
[2020.01.27-01.38.25:033][784]LogModuleManager: Shutting down and abandoning module ClothingSystemEditor (242)
[2020.01.27-01.38.25:033][784]LogModuleManager: Shutting down and abandoning module ClothingSystemRuntime (240)
[2020.01.27-01.38.25:034][784]LogModuleManager: Shutting down and abandoning module MediaAssets (238)
[2020.01.27-01.38.25:034][784]LogModuleManager: Shutting down and abandoning module Overlay (236)
[2020.01.27-01.38.25:034][784]LogModuleManager: Shutting down and abandoning module OverlayEditor (235)
[2020.01.27-01.38.25:034][784]LogModuleManager: Shutting down and abandoning module VREditor (232)
[2020.01.27-01.38.25:034][784]LogModuleManager: Shutting down and abandoning module StringTableEditor (230)
[2020.01.27-01.38.25:036][784]LogModuleManager: Shutting down and abandoning module GameplayTasksEditor (228)
[2020.01.27-01.38.25:036][784]LogModuleManager: Shutting down and abandoning module BehaviorTreeEditor (226)
[2020.01.27-01.38.25:036][784]LogModuleManager: Shutting down and abandoning module FunctionalTesting (224)
[2020.01.27-01.38.25:036][784]LogModuleManager: Shutting down and abandoning module CollisionAnalyzer (222)
[2020.01.27-01.38.25:036][784]LogModuleManager: Shutting down and abandoning module WorkspaceMenuStructure (221)
[2020.01.27-01.38.25:036][784]LogModuleManager: Shutting down and abandoning module UMG (218)
[2020.01.27-01.38.25:037][784]LogModuleManager: Shutting down and abandoning module UMGEditor (217)
[2020.01.27-01.38.25:037][784]LogModuleManager: Shutting down and abandoning module Sequencer (216)
[2020.01.27-01.38.25:037][784]LogModuleManager: Shutting down and abandoning module MessageLog (213)
[2020.01.27-01.38.25:037][784]LogModuleManager: Shutting down and abandoning module SlateReflector (208)
[2020.01.27-01.38.25:038][784]LogModuleManager: Shutting down and abandoning module Slate (206)
[2020.01.27-01.38.25:038][784]LogModuleManager: Shutting down and abandoning module LandscapeEditorUtilities (204)
[2020.01.27-01.38.25:038][784]LogModuleManager: Shutting down and abandoning module EditorStyle (202)
[2020.01.27-01.38.25:038][784]LogModuleManager: Shutting down and abandoning module UnrealEd (200)
[2020.01.27-01.38.25:038][784]LogModuleManager: Shutting down and abandoning module MRMesh (198)
[2020.01.27-01.38.25:039][784]LogModuleManager: Shutting down and abandoning module SourceCodeAccess (196)
[2020.01.27-01.38.25:039][784]LogModuleManager: Shutting down and abandoning module HeadMountedDisplay (194)
[2020.01.27-01.38.25:039][784]LogModuleManager: Shutting down and abandoning module XAudio2 (192)
[2020.01.27-01.38.25:039][784]LogModuleManager: Shutting down and abandoning module Networking (190)
[2020.01.27-01.38.25:039][784]LogModuleManager: Shutting down and abandoning module Core (188)
[2020.01.27-01.38.25:039][784]LogModuleManager: Shutting down and abandoning module KismetCompiler (186)
[2020.01.27-01.38.25:039][784]LogModuleManager: Shutting down and abandoning module MeshUtilities (184)
[2020.01.27-01.38.25:039][784]LogModuleManager: Shutting down and abandoning module MeshMergeUtilities (183)
[2020.01.27-01.38.25:039][784]LogModuleManager: Shutting down and abandoning module MeshReductionInterface (182)
[2020.01.27-01.38.25:039][784]LogModuleManager: Shutting down and abandoning module SkeletalMeshReduction (181)
[2020.01.27-01.38.25:039][784]LogModuleManager: Shutting down and abandoning module ProxyLODMeshReduction (179)
[2020.01.27-01.38.25:041][784]LogModuleManager: Shutting down and abandoning module QuadricMeshReduction (177)
[2020.01.27-01.38.25:041][784]LogModuleManager: Shutting down and abandoning module MaterialBaking (173)
[2020.01.27-01.38.25:041][784]LogModuleManager: Shutting down and abandoning module NullInstallBundleManager (168)
[2020.01.27-01.38.25:041][784]LogModuleManager: Shutting down and abandoning module DerivedDataCache (166)
[2020.01.27-01.38.25:091][784]LogDerivedDataCache: Shutdown
[2020.01.27-01.38.25:091][784]LogModuleManager: Shutting down and abandoning module XGEController (164)
[2020.01.27-01.38.25:091][784]LogXGEController: Cleaning working directory: C:/Users/user/AppData/Local/Temp/UnrealXGEWorkingDir/
[2020.01.27-01.38.25:091][784]LogModuleManager: Shutting down and abandoning module TargetPlatform (162)
[2020.01.27-01.38.25:091][784]LogModuleManager: Shutting down and abandoning module VulkanShaderFormat (161)
[2020.01.27-01.38.25:091][784]LogModuleManager: Shutting down and abandoning module ShaderFormatVectorVM (159)
[2020.01.27-01.38.25:091][784]LogModuleManager: Shutting down and abandoning module ShaderFormatOpenGL (157)
[2020.01.27-01.38.25:091][784]LogModuleManager: Shutting down and abandoning module ShaderFormatD3D (155)
[2020.01.27-01.38.25:091][784]LogModuleManager: Shutting down and abandoning module MetalShaderFormat (153)
[2020.01.27-01.38.25:092][784]LogModuleManager: Shutting down and abandoning module TextureFormatUncompressed (151)
[2020.01.27-01.38.25:092][784]LogModuleManager: Shutting down and abandoning module TextureFormatPVR (149)
[2020.01.27-01.38.25:092][784]LogModuleManager: Shutting down and abandoning module TextureFormatDXT (147)
[2020.01.27-01.38.25:092][784]LogModuleManager: Shutting down and abandoning module TextureFormatIntelISPCTexComp (145)
[2020.01.27-01.38.25:092][784]LogModuleManager: Shutting down and abandoning module TextureFormatASTC (143)
[2020.01.27-01.38.25:092][784]LogModuleManager: Shutting down and abandoning module ImageWrapper (142)
[2020.01.27-01.38.25:092][784]LogModuleManager: Shutting down and abandoning module TextureFormatAndroid (139)
[2020.01.27-01.38.25:092][784]LogModuleManager: Shutting down and abandoning module AudioFormatOpus (137)
[2020.01.27-01.38.25:092][784]LogModuleManager: Shutting down and abandoning module AudioFormatOgg (135)
[2020.01.27-01.38.25:092][784]LogModuleManager: Shutting down and abandoning module AudioFormatADPCM (133)
[2020.01.27-01.38.25:092][784]LogModuleManager: Shutting down and abandoning module LuminTargetPlatform (131)
[2020.01.27-01.38.25:093][784]LogModuleManager: Shutting down and abandoning module LinuxTargetPlatform (129)
[2020.01.27-01.38.25:093][784]LogModuleManager: Shutting down and abandoning module LinuxServerTargetPlatform (127)
[2020.01.27-01.38.25:093][784]LogModuleManager: Shutting down and abandoning module LinuxNoEditorTargetPlatform (125)
[2020.01.27-01.38.25:093][784]LogModuleManager: Shutting down and abandoning module LinuxClientTargetPlatform (123)
[2020.01.27-01.38.25:093][784]LogModuleManager: Shutting down and abandoning module TVOSTargetPlatform (121)
[2020.01.27-01.38.25:094][784]LogModuleManager: Shutting down and abandoning module Messaging (119)
[2020.01.27-01.38.25:094][784]LogModuleManager: Shutting down and abandoning module IOSTargetPlatform (117)
[2020.01.27-01.38.25:094][784]LogModuleManager: Shutting down and abandoning module HTML5TargetPlatform (115)
[2020.01.27-01.38.25:094][784]LogModuleManager: Shutting down and abandoning module AndroidTargetPlatform (113)
[2020.01.27-01.38.25:099][784]LogModuleManager: Shutting down and abandoning module WindowsTargetPlatform (111)
[2020.01.27-01.38.25:099][784]LogModuleManager: Shutting down and abandoning module WindowsServerTargetPlatform (109)
[2020.01.27-01.38.25:099][784]LogModuleManager: Shutting down and abandoning module WindowsNoEditorTargetPlatform (107)
[2020.01.27-01.38.25:099][784]LogModuleManager: Shutting down and abandoning module WindowsClientTargetPlatform (105)
[2020.01.27-01.38.25:099][784]LogModuleManager: Shutting down and abandoning module MacTargetPlatform (103)
[2020.01.27-01.38.25:099][784]LogModuleManager: Shutting down and abandoning module MacServerTargetPlatform (101)
[2020.01.27-01.38.25:099][784]LogModuleManager: Shutting down and abandoning module MacNoEditorTargetPlatform (99)
[2020.01.27-01.38.25:099][784]LogModuleManager: Shutting down and abandoning module MacClientTargetPlatform (97)
[2020.01.27-01.38.25:099][784]LogModuleManager: Shutting down and abandoning module AllDesktopTargetPlatform (95)
[2020.01.27-01.38.25:099][784]LogModuleManager: Shutting down and abandoning module InputCore (92)
[2020.01.27-01.38.25:099][784]LogModuleManager: Shutting down and abandoning module Settings (90)
[2020.01.27-01.38.25:099][784]LogModuleManager: Shutting down and abandoning module DirectoryWatcher (88)
[2020.01.27-01.38.25:099][784]LogModuleManager: Shutting down and abandoning module PhysXCooking (86)
[2020.01.27-01.38.25:099][784]LogModuleManager: Shutting down and abandoning module WindowsPlatformFeatures (84)
[2020.01.27-01.38.25:099][784]LogModuleManager: Shutting down and abandoning module GameplayMediaEncoder (83)
[2020.01.27-01.38.25:099][784]LogModuleManager: Shutting down and abandoning module SteamVR (80)
[2020.01.27-01.38.25:099][784]LogHMD: Freeing OpenVRDLLHandle.
[2020.01.27-01.38.25:099][784]LogModuleManager: Shutting down and abandoning module OculusHMD (78)
[2020.01.27-01.38.25:099][784]LogModuleManager: Shutting down and abandoning module ExampleDeviceProfileSelector (76)
[2020.01.27-01.38.25:099][784]LogModuleManager: Shutting down and abandoning module LauncherChunkInstaller (74)
[2020.01.27-01.38.25:099][784]LogModuleManager: Shutting down and abandoning module OnlineBlueprintSupport (72)
[2020.01.27-01.38.25:099][784]LogModuleManager: Shutting down and abandoning module OnlineSubsystem (68)
[2020.01.27-01.38.25:100][784]LogModuleManager: Shutting down and abandoning module XMPP (63)
[2020.01.27-01.38.25:101][784]LogModuleManager: Shutting down and abandoning module WebSockets (62)
[2020.01.27-01.38.25:118][784]LogModuleManager: Shutting down and abandoning module HTTP (59)
[2020.01.27-01.38.25:118][784]LogHttp: Display: Http module shutting down, but needs to wait on 1 outstanding Http requests:
[2020.01.27-01.38.25:118][784]LogHttp: Display: 	verb=[POST] url=[https://datarouter.ol.epicgames.com/datarouter/api/v1/public/data?SessionID=%7B8D08935B-48EB-3694-5567-17A92419F42D%7D&AppID=UEEditor.Rocket.Release&AppVersion=4.23.1-9631420%2B%2B%2BUE4%2BRelease-4.23&UserID=9a0565c246953105c1a0e8b52dd4ae60%7C9aea065f86fd4981a4ef02aa3c13de84%7Ce1a5093f-7a8b-4cc5-af38-eb387103d9a8&AppEnvironment=datacollector-binary&UploadType=eteventstream] status=Processing
[2020.01.27-01.38.25:147][784]LogModuleManager: Shutting down and abandoning module SSL (58)
[2020.01.27-01.38.25:148][784]LogModuleManager: Shutting down and abandoning module WmfMedia (54)
[2020.01.27-01.38.25:150][784]LogModuleManager: Shutting down and abandoning module Media (53)
[2020.01.27-01.38.25:151][784]LogModuleManager: Shutting down and abandoning module MagicLeap (50)
[2020.01.27-01.38.25:151][784]LogModuleManager: Shutting down and abandoning module DatasmithContent (48)
[2020.01.27-01.38.25:151][784]LogModuleManager: Shutting down and abandoning module AISupportModule (46)
[2020.01.27-01.38.25:151][784]LogModuleManager: Shutting down and abandoning module PythonScriptPluginPreload (44)
[2020.01.27-01.38.25:151][784]LogModuleManager: Shutting down and abandoning module PlatformCryptoOpenSSL (42)
[2020.01.27-01.38.25:151][784]LogModuleManager: Shutting down and abandoning module PlatformCrypto (40)
[2020.01.27-01.38.25:151][784]LogModuleManager: Shutting down and abandoning module AnimationModifiers (38)
[2020.01.27-01.38.25:152][784]LogModuleManager: Shutting down and abandoning module PropertyEditor (37)
[2020.01.27-01.38.25:152][784]LogModuleManager: Shutting down and abandoning module AudioEditor (34)
[2020.01.27-01.38.25:152][784]LogModuleManager: Shutting down and abandoning module TextureCompressor (32)
[2020.01.27-01.38.25:153][784]LogModuleManager: Shutting down and abandoning module RenderCore (30)
[2020.01.27-01.38.25:153][784]LogModuleManager: Shutting down and abandoning module Landscape (28)
[2020.01.27-01.38.25:153][784]LogModuleManager: Shutting down and abandoning module SlateRHIRenderer (26)
[2020.01.27-01.38.25:153][784]LogModuleManager: Shutting down and abandoning module OpenGLDrv (24)
[2020.01.27-01.38.25:154][784]LogModuleManager: Shutting down and abandoning module D3D11RHI (22)
[2020.01.27-01.38.25:154][784]LogModuleManager: Shutting down and abandoning module AnimGraphRuntime (20)
[2020.01.27-01.38.25:154][784]LogModuleManager: Shutting down and abandoning module Renderer (18)
[2020.01.27-01.38.25:154][784]LogModuleManager: Shutting down and abandoning module Engine (16)
[2020.01.27-01.38.25:154][784]LogModuleManager: Shutting down and abandoning module CoreUObject (14)
[2020.01.27-01.38.25:154][784]LogModuleManager: Shutting down and abandoning module NetworkFile (12)
[2020.01.27-01.38.25:154][784]LogModuleManager: Shutting down and abandoning module CookedIterativeFile (10)
[2020.01.27-01.38.25:154][784]LogModuleManager: Shutting down and abandoning module StreamingFile (8)
[2020.01.27-01.38.25:154][784]LogModuleManager: Shutting down and abandoning module SandboxFile (6)
[2020.01.27-01.38.25:154][784]LogModuleManager: Shutting down and abandoning module PakFile (4)
[2020.01.27-01.38.25:154][784]LogModuleManager: Shutting down and abandoning module RSA (3)
[2020.01.27-01.38.25:155][784]LogD3D11RHI: Shutdown
[2020.01.27-01.38.25:155][784]LogD3D11RHI: CleanupD3DDevice
[2020.01.27-01.38.25:155][784]LogRendererCore: FGlobalDynamicReadBuffer::Cleanup()
[2020.01.27-01.38.25:155][784]LogRendererCore: FGlobalDynamicReadBuffer::Cleanup()
[2020.01.27-01.38.25:155][784]LogRendererCore: FGlobalDynamicReadBuffer::Cleanup()
[2020.01.27-01.38.25:218][784]LogD3D11RHI: ~FD3D11DynamicRHI
[2020.01.27-01.38.25:231][784]LogExit: Exiting.
[2020.01.27-01.38.25:244][784]Log file closed, 01/27/20 10:38:25
